500
0 9198 6706 3650 5787 3536 3316 4554 4298 1055 2002 6140 2057 3012 4234 8470 2240
1 141 8032 4662 6409 6242 4738 6413 9122 3026 3101 3536 8506 1534 2240
2 6698 5523 7617 5227 2160 7074 5639 605 3478 3646 5216 1535 6063 5155 2643 2288 6613
3 8166 7422 2205 2365 6381 8021 8202 7430 4019 1781 7212 8005 1668 79
4 9031 214 5686 113 1565 5646 9421 4110 6930 9822 2900 4470 3316 8406 5715
5 4918 9346 6808 4545 9028 3816 8219 9825 4901 2240
6 3770 6328 2672 2208 740 8112 7470 2929 5489 9215 683 412
7 1046 1881 2130 7783 6804 3011 1714 6613
8 7416 8420 3132 7660 4018 4289 2351 9609 7379 5458 3936 2986 2240
9 3622 3902 9245 5247 6834 5708 3067 8369 4588 6881 3064 7652 6613
10 48 5650 3273 8167 3352 4305 8488 3338 5808 1471 5044 9710 7180 4418 7791 5677 1625 7652
11 577 337 5757 8872 6292 4053 9492 8843 797 1204 7948 583 5099 6778 7949 2
12 732 6539 5705 3530 1616 6302 8020 4586 129 4391 3134 6518 4457 8528
13 8278 2054 9242 3275 8237 5328 8342 6267 2762 4230 5548 9764 9930
14 9286 6053 229 7417 5508 4755 8579 3690 6767 5606 8208 8465 2986 2
15 4242 1271 9543 7414 772 9874 8536 7637 4507 9243 1003 2911 9990 7438
16 7299 4763 4882 4682 1975 6961 3765 4114 5283 4805 1223 5064
17 6003 1567 1712 7122 2950 3917 2057 9237 7216 9440 930 9979 1774
18 6433 9159 6317 2844 8490 4177 5391 1901 5112 2934 1585 857 6360 84 2
19 6048 581 4750 129 7207 6837 3648 4404 5133 4995 8179 2781 2028 4909
20 4214 7715 4001 3215 975 6519 6780 1972 6714 7890 5369 3113
21 882 258 8557 233 2205 1675 5048 5909 8963 656 1182 1528 7036 7950 5175 5715
22 8772 5900 1163 7933 9192 4273 1474 8408 4582 8254 2983 2340
23 142 141 7060 3448 7046 4230 6868 5226 4749 3617 6683 3232 8284 5715
24 7277 2267 288 6199 9472 1966 535 697 5845 2837 7742 3079 4679
25 5978 757 9701 7137 6688 6263 972 8656 6295 7475 7737 6082 979
26 2536 5348 4452 7063 6260 9948 7498 8483 7351 3375 1380 4705 1110 2569 9139 2962
27 3317 5288 169 9326 1733 3862 9135 7262 5370 7203 9764 145 6978 3111 7438 6613
28 1144 8642 7724 6495 4261 5707 4066 82 7897 6937 5457 6687 2121
29 851 5223 226 7817 3940 8467 1930 7024 9944 1876 7339 6236 3783 9007 321
30 3618 4349 9779 3352 3018 9154 1681 1847 6217 2136 3584 6827 5412
31 1171 2535 2762 8751 4812 4597 6116 1414 6956 7956 5260 4419 3827 1299 2240
32 5608 5073 8564 4842 6268 4994 7946 7453 7566 7459 2121 7153
33 5118 576 9767 6335 9596 1823 3094 4037 2650 5917 7413 79
34 8603 8650 7416 8514 7980 7951 8443 8239 8286 6070 4966 7085 76
35 498 2833 2755 1298 4498 2085 1460 9978 2842 1364 2983 7762
36 8926 3266 4248 2691 3773 7812 4739 1717 6750 9191 1984 2
37 6100 4145 5246 2465 3859 6010 4295 9686 3026 9376 3858 6798 7153
38 3452 91 3670 3859 1730 9708 2843 3552 7255 4604 1956 3602 8130
39 8556 1794 9113 4279 6690 6232 5178 6398 2674 2515 2913 5817 5704 9709 6331 7481 5412
40 5844 691 1324 2734 1172 9216 4157 7128 9421 8329 1731 2052 9265
41 1908 4917 1438 7287 342 1089 3928 4568 3752 5677 2121
42 3028 6116 7505 8575 9079 1355 724 6857 9187 7780 7938 2611 2630 3074
43 1696 4564 6342 2035 8809 1224 2289 8773 4623 1850 1942 5307
44 3709 9565 3197 6655 9707 2242 5391 4391 8985 8961 1379 1809 232 8257 3753 5219 8125
45 8454 2331 5381 7554 4508 4479 8989 8786 3687 7860 2518 6101 6613
46 6954 2785 5725 7911 6211 7527 4265 6911 3229 2895 9633 1554 139 7762 321
47 996 7588 7174 1382 968 2338 8118 4757 4958 8005 2962
48 9250 5495 6138 7803 7282 7627 83 9640 1665 5609 647 8134 3894
49 4456 6065 1320 4330 6432 6129 8947 9123 7776 8427 5185 3545 5862 5715
50 2238 1837 887 7217 7946 8951 6702 499 5423 181 1608 4988 7933 937 1117
51 5927 143 5068 2942 4146 9632 106 6676 4305 6598 3106
52 8115 8628 1068 9895 7505 8580 8676 5103 4672 4524 8881 6226 4531 9545 79
53 5402 2059 2412 5051 7924 3907 7225 7261 5035 6208 8881 2003 3468 1774
54 7582 7561 9739 9065 7970 1697 1777 6892 6056 7093 3120 4145 1220 6635 5880
55 9894 2811 5674 4138 5570 9877 5391 9168 5355 4994 6390 4311 3012
56 3963 8757 5291 3678 3224 8457 162 1618 9635 5780 6492 6327 6613
57 7562 7490 6622 579 980 5952 3702 5799 5990 4359 3232 979
58 7353 381 5319 5371 9497 452 2974 6559 9287 2552 3752 6687 2
59 4424 3059 1468 5829 8090 3112 88 3243 2370 5996 755 524 5677 2555
60 464 5803 594 1185 7609 5897 3269 5447 280 8111 8507 5339 5783 9007
61 1262 353 2913 8483 9286 5773 5036 4925 5414 6738 3987 4362 8491 7652
62 4032 6684 326 3359 2625 6233 4580 3436 477 8329 2643 3936
63 2633 9002 1012 6085 248 1062 6743 348 1081 2732 6369 7880 6938
64 3220 1073 7712 2590 8354 5850 9661 5388 4253 1867 3056 2136 1238
65 3621 3116 4978 8783 724 616 6968 1932 6640 2097 7642 8113 2870 2407 4527
66 1049 8555 6682 5461 8115 4224 7608 7362 670 642 5132 6883 2549 5801 3074
67 812 7662 4841 1464 9146 2827 3425 5439 6248 5187 3681 5358 4983 139 7652
68 4762 1851 2682 7450 6689 5316 1015 1331 9869 4730 5553 7126 9404 4199
69 5415 2774 8205 6968 7137 8395 5482 1414 9406 4335 3250 8420 8418 6216 5762
70 8846 1636 8304 7567 3822 9185 4251 786 370 5090 5258 5758 3144 2288
71 4771 9115 299 2865 9778 2508 3568 3603 2995 6862 8626 2313 1461 6178 5762 7153
72 8272 9958 6500 6150 9365 7103 3457 7317 6555 5872 979
73 7340 5988 1456 3853 4334 7416 6231 9636 6293 9029 6216 4728 7413
74 4576 5697 1059 7118 5609 6739 5323 820 1432 5378 1508 2232 3842 6528 205 3543
75 490 4532 2204 8668 5034 3123 1727 8249 6239 6926 9023 5064 2240
76 4119 3097 5577 7528 3573 7437 6303 4756 714 2155
77 689 4813 8731 7508 6935 4956 263 125 6876 9831 7105 5643 321
78 8687 3514 7033 4845 6257 9856 2833 8837 5765 8535 7550 8982 487 4941 88 2630 2288
79 7352 2999 8808 160 7571 36 4650 2236 7423 2
80 8629 1190 7720 9787 9454 3970 2265 2397 1843 2635 4168 6310 410 2327 79
81 1775 3475 360 4390 4273 653 4940 8093 3772 7356 952 259
82 5694 5957 431 7573 8895 2998 9469 8353 247 5006 6538 1668
83 9801 6402 2434 8998 418 6745 9796 3346 9943 5061 6765 4340
84 1278 2464 1069 3404 1866 4076 932 4792 7191 5199 5386 5748
85 766 2894 4518 4195 3675 8553 2101 9590 5908 9911 5471 1252 7732
86 4653 5021 6987 1633 9853 3258 548 2336 2037 2857 4400 4199
87 7103 912 1753 2154 4653 8166 5076 28 1133 7607 9903 3012 2962
88 7547 6906 5316 2627 2446 2429 1437 1976 740 7100 5112 5752 2240
89 4132 9647 6362 4306 3777 5798 7964 4510 1451 6358 3135 3941 1016 2274 367
90 9239 562 7256 7090 378 4347 6973 4115 2418 8630 1948 7439 4909 2288 2
91 3218 3992 8536 6490 3611 3519 1317 3909 3776 8013 4571 8794 2121 2
92 5515 1901 998 398 4903 9340 5744 6229 4882 6413 6866 5772 3050 3316 79
93 4305 3344 3296 9767 4369 6172 2242 9675 2877 9666 6196 9842
94 2547 4474 3824 6058 1038 9889 3873 5510 7370 2857 1117 6547 2962
95 5811 9180 593 9593 6080 2311 1982 6440 2242 1831 4558 8722
96 9622 8527 8110 1520 9617 9338 2821 704 7023 4151 2962
97 359 4638 4803 519 9498 7764 3745 1912 7892 4554 940 8345 76 7413 5715
98 551 4040 7032 4543 5786 5609 8935 2144 394 4167 629 6930 1638 2437
99 8686 2161 1403 6834 6617 8441 9576 6374 7422 2153 8514 4039 7382 8990 1953 2349 9138
100 909 282 6868 5166 1229 5773 6127 1673 6272 5155 4340
101 3136 2551 8274 4772 2789 9303 1730 7678 2098 7695 4176 7153 321
102 8921 8158 6070 6539 3694 8159 995 3899 4814 6414 5097 8994
103 8331 7626 6488 7013 8370 4253 3260 701 6140 6330 1807 8446 6633 2411 9713 6465 9244
104 8839 6031 5044 5974 9779 5235 8447 8899 2401 247 4104 7699
105 7534 9644 3475 592 9462 7322 6427 916 2991 5885 79
106 8638 2899 1594 3597 4310 4285 5669 1526 1669 3463 7101 3172 3111 1668
107 9634 6249 7420 2560 1314 5002 8592 9038 6381 7733 5899
108 4977 2351 6617 10 2143 2913 5566 6505 4052 9881 9337 2231 4378 4286 3012
109 858 659 8714 445 5308 8724 7373 9234 5392 7095 1784 7736 5962
110 9966 7089 6209 4538 8252 2838 6396 8699 2736 3894
111 880 545 6951 3037 1286 2486 813 7398 1989 8060 3199 9125 4997 2698 4527 2288
112 7784 6001 413 2960 2549 3445 4727 8763 6891 2604 2972 4243 6150 2466 4583 2232 3360 7732
113 3193 8691 8967 3919 3142 5062 2468 3323 2737 1086 519 3897 3013 1058 9129
114 746 370 2293 4777 6994 3822 696 7223 1308 7266 7762
115 8699 7114 6529 3031 4869 3149 823 768 7302 6698 7044 9265 79
116 2257 6012 492 5370 9154 3000 1075 9319 8236 8498 3602 9545
117 3179 3943 2254 3274 6474 1184 7605 6835 3167 4400 7120
118 1885 8537 3211 5983 2716 4891 4518 8971 6727 7629 6454
119 3033 9240 4144 6661 4295 4103 9154 8492 5666 2158 937 1774
120 2378 6279 768 366 1988 8674 4217 2817 2480 8043
121 4920 3126 1468 3782 4050 8211 7793 1147 9197 6613
122 5217 7321 4325 1900 5498 2738 2230 7854 9158 8843 5033 9777 5019 5898 238 2121 2
123 3902 7121 4278 1517 2464 8149 7061 2639 7497 7385 7029 6044 2
124 451 8107 2893 95 1202 5065 4715 6496 1582 8514 1463 541 3877
125 5707 8718 1917 582 6607 2710 2450 3851 7782 2240
126 9682 3463 7134 757 9706 5244 4792 140 8077 2176 37 1057 1625 9244
127 8804 6738 4175 8251 3313 938 3772 5922 9681 5174 2536 7643 9604 1387 3684 6029 8293 79
128 4339 542 0 4474 7187 1239 3546 3916 7569 5406 6280 1979 935
129 4921 3292 4741 8148 4324 6335 498 3864 133 8432 7395 5301 5160 6962 2114 9244
130 4226 7865 162 2427 8802 149 5074 50 9252 550 4034 583 2962
131 3492 4980 6749 5650 6179 6893 2682 4617 9031 3885 79
132 9494 4983 3341 4233 648 3044 1064 5546 9484 3867 2713 3236 9075 2240
133 6177 3336 6476 6398 6191 26 7754 2254 5667 7139 8012 1447 8049 4107 3371
134 1126 70 7687 5874 8793 1572 5002 9691 1023 3048 9319 3703
135 124 1721 1807 927 4584 9394 9258 7996 3695 8730 3007 6071 6029 3543 2962
136 4837 2315 4686 2388 7718 3266 8003 9875 8398 5930 2413 2240
137 7466 5958 1158 1941 9859 4488 5670 3496 5074 2361 6123 847 3758
138 3415 6992 2117 6316 4075 4555 3357 8024 8687 2513 9436 3961 2630 4855
139 3973 1726 3767 568 1438 5498 4555 585 6100 3144 79
140 757 1848 1919 5549 929 6240 6548 1443 5130 9740 6258
141 2398 7828 9394 6423 9628 9820 3189 7802 3859 9236 7821 9037 6095 647 3836
142 3855 4195 2194 5531 3994 5606 1997 9705 5273 6551 6300 8986
143 6906 3092 858 6518 3486 648 7096 1594 9209 2171 6074 157 2045 3260 6044 5715
144 5048 2172 2688 5798 5439 3333 3398 770 5838 2302 1085 6817 8858 7146 7525 3982 2962
145 3129 3485 2478 9793 9526 3650 7471 2324 5390 7205 8578 3188 557 3982
146 5983 5856 3167 9072 4404 4908 2105 3431 868 8255 5980 4959 2028 4314 1668 2962
147 2395 756 9352 5737 5263 7226 4881 631 716 8201 4166 3022 7852
148 864 9400 3899 6342 2190 4820 9850 3490 3800 9681 9669 8994 79
149 317 6004 8986 1686 2225 2761 2863 2684 4305 5587 8294 8248 183 2288
150 9531 1532 5536 5147 3181 1109 5516 6336 8227 1343 2962
151 2372 1893 7341 1333 5663 8949 7124 4287 6035 3797 6937 9990 935
152 4659 441 1619 5059 1895 4015 3429 6719 7534 218 8122 7349 9301 6030
153 9222 8133 2049 5268 5209 354 6808 858 7675 9066 5068 5267 478 1249 9933
154 7025 8058 6918 2108 705 3915 2078 4812 4415 3671 298 2192 8920 2121 321
155 8859 6315 6354 1722 4263 814 3607 2877 1319 7951 5960 5155 1522 742 6044 321
156 5971 9967 7866 7993 1561 5634 8056 1562 9251 2449 8671
157 8044 631 9409 5551 7940 282 7670 544 7946 7380 2345 46 2121 321
158 9248 7618 1541 4271 7356 4854 309 9005 5919 9831 3257 7729 5043 7950 6458 321
159 1159 8020 2688 1399 9134 1660 4910 3447 2760 8491
160 1007 3523 5825 8518 911 266 9334 5959 5064 2240
161 8803 4862 1778 1438 1194 1975 5290 2032 4815 1939 4060
162 4905 4016 9372 9941 7223 555 6119 9680 8000 5583 1343
163 8782 2286 326 8120 7247 8074 1196 5268 4179 4618 1626 3946 3320
164 8367 240 6090 179 1180 9686 1128 5688 4567 5494 205
165 7906 8768 7812 6835 3 3296 7819 317 3116 8371 9050 6938
166 1746 1530 9696 4693 4473 2186 5663 6864 4466 5270 3830
167 7515 4478 3216 5267 2706 5443 5439 2272 4299 805 8077 7012 7413
168 796 9954 8810 9967 4360 8650 8732 5694 7668 6654 4765
169 7173 3342 1617 7311 2594 8287 4764 51 1506 6072 523 7266 8406
170 6151 1384 9387 5258 3900 4938 5760 2161 1340 4315 6269 1665 1942 925
171 9876 9026 5999 4257 4655 2363 9045 6035 7305 4037 5702 4844 843 7949
172 3666 7482 3821 1046 6297 7152 2482 4172 8672 8522 8259 9842
173 4865 1742 1439 3337 6426 5924 1653 1734 7677 9035 1724 4277 1534
174 4270 1918 4814 3155 4825 5109 6768 4513 8168 3532 9028 9323 6997 780 1343 5715
175 5 5650 8864 5091 6431 217 9214 5585 7006 3901 5277 1134 9545
176 578 6116 7441 3138 2285 8411 4445 5262 6587 8985 8418 3936 321
177 4588 5498 9113 2745 5282 6964 2145 2697 451 8107 6084 2668 5857 7 2155 2962
178 4479 5263 2800 8877 8348 3979 3903 2170 480 5400 5887 1956 4035
179 8597 2844 6586 6059 9610 3628 17 7223 5500 4244 668 2256 3753
180 1890 4351 5056 158 6959 3613 3910 3717 3275 7347 8345 5880
181 4186 806 2531 9950 9303 6581 9805 2306 5284 172 5777 7742 6672 2288 3894
182 8803 6422 471 3730 5943 4963 1478 7520 5919 105 7240
183 7638 2302 2102 3075 8566 5001 240 3382 3091 5565 4985
184 3972 215 2916 6276 5727 5024 186 7677 2453 3823 2240
185 4976 4767 3148 4935 143 5807 9948 165 3015 7050 5869
186 2621 2718 6016 2030 4215 6244 6605 1498 3382 950 4138 4453 9579 8491
187 9056 462 4422 7940 4306 3923 8912 8916 2311 8717 1583 2125 7267 5848 321
188 7738 6186 3278 3410 641 3993 3065 8398 6268 6139 2422 259 5715
189 7455 9819 5795 5369 3506 3196 9739 3522 8451 2135 1945 5726 2929 7120
190 8928 184 5394 8720 7487 3600 6238 7911 4162 8564 6011 1496 7883
191 445 1390 7334 7081 6991 4592 2511 3096 8702 5166 9453 3032
192 7823 6010 1683 1691 3218 9973 1262 3130 9327 2403 3720 1058
193 5951 9231 70 7396 52 7563 2374 2035 3128 915 5247 6030 79
194 4814 2678 3579 4512 5491 1209 3001 4522 3906 4171 3207 9903 6938
195 7687 83 5816 5369 3657 4538 797 2336 5861 8927 1569 9733 3427 2962
196 720 2796 6312 7604 1199 8912 9035 7605 4908 4043 1492 325 9688 1871
197 5837 2090 8836 3206 8337 3485 2291 3530 9768 8439 3007 7554 450 4352 9968
198 4525 4094 9754 4120 7993 7611 2400 8298 2467 6188 3383 8844 7575 4199
199 5843 4483 8476 6430 9455 1290 3667 8956 7690 2175 979
200 2561 9686 4873 2717 5754 2852 3477 4333 9477 9416 2898 3758 321
201 9437 9683 3041 8479 4118 9994 5153 7155 9646 9637 7556 9075 2
202 4655 5204 4840 1508 2644 1428 6382 1825 9309 3718 1430 8722 5715
203 3554 1211 5823 6188 997 4721 6407 5078 7138 353 3254 5512 6343 5451 321
204 2416 6382 5324 4279 2460 6837 8373 6007 6408 9943 5867 8711 7883
205 3260 9866 5792 1794 8432 1053 760 6169 2079 2690 8392 3184 745
206 849 4063 5308 4509 9375 4337 6339 7294 6213 4057 8286 3061 2732
207 4867 7368 7150 608 8715 8874 5415 3546 1040 6554 1625
208 4009 8598 8637 9735 3691 8252 2262 5678 6994 4935 5238 7071 2335 4442 2555
209 6097 7533 2494 4555 8168 6639 540 2504 7167 5101 1846 9330 9138
210 7321 4386 3866 8271 769 5691 2673 4070 2844 7796 1952 5286 4664
211 4481 1527 2599 4724 8025 1347 9096 894 3211 3552 3932 8920 2
212 9870 6645 3480 9641 6821 3884 8229 1972 8622 2735
213 9090 6529 6689 8019 3180 2532 5833 7518 6741 5870 991 3012
214 7294 5658 2842 6561 112 6592 4049 386 1878 2698 7131 3255 6260 4731 2226 6447 8910 3074 5715
215 5890 9363 4197 7559 6253 7563 1536 4570 6836 3731 8150 9007
216 1781 3460 5532 8699 8608 3587 572 8972 7989 6352 8644
217 9333 5147 4850 3890 1217 4223 5220 3096 2875
218 9928 5613 349 3360 5924 3882 8271 9828 7457 5404 3125 4962 6465
219 2871 1044 3329 5464 9967 1777 5017 607 2960 1248 524 6139 7670 9545
220 837 1007 9272 2550 5503 6459 1077 5283 6291 2715 1836 6871 3231 7367 2240
221 4285 8653 1395 5937 5492 4396 971 5649 1586 2639 5910 7526 2582 865 2446 8053 6765 1552 9930 3012
222 3746 3551 4514 3607 4021 5705 5469 6774 2548 8132 3812 1534
223 3224 1336 6218 5835 7523 3057 9127 6217 4151
224 2759 9558 4318 1606 786 118 6425 5142 970 7437 5254 8599 4958
225 5570 5050 2823 4643 4832 9644 6365 649 5110 6627 5591 1979 2962
226 6051 439 4070 5484 2726 4621 210 243 4078 2173 2795 684 3213 9270 935
227 3056 86 1568 6582 7775 5567 7797 2434 7414 2484 1353 5880
228 1890 2025 4177 816 5874 2014 8425 316 4658 6696 3927 7136 524 1129 6095 6082 2
229 646 2231 3152 5431 8929 5202 1176 2622 3858 7873 8445 3830
230 1615 2861 4993 5627 3241 3348 1706 6160 6558 7115 715 6547
231 4412 2989 9489 2014 1631 8738 2603 117 8739 894 4749 2699 5543 9007
232 1189 6535 9566 6658 6395 6059 3100 6042 2423 4429 4783 3376 321
233 8503 4146 8955 6397 2045 743 1753 7956 1037 9961 4844 2583 4340 9968
234 5584 3523 7574 3318 5235 8724 4454 2248 8694 9020 437 3106
235 1400 4675 462 2703 3701 2481 9690 6754 6001 9071 550 7880
236 3031 8020 5694 3893 9803 4551 1895 680 7806
237 9863 4836 7158 1432 7363 3070 5653 3640 6092 5474 4945 6100 4340 7949 321
238 9692 7966 4231 434 3622 2991 6191 4735 6190 762 6226 8922 1534
239 9430 1357 3296 5055 1316 7564 7546 686 2922 1329 4071 5869 3012
240 2982 8522 4148 8610 4044 1974 3412 967 4963 3175 421 1510 5788 3074
241 5843 7831 3136 3727 2511 2861 4291 6708 2682 6413 5389 5307 7762
242 7567 2169 6714 11 187 1992 144 2118 4442 8600 5869 1668
243 1208 1468 3564 4631 3148 3689 9770 8094 7437 5054 2873 183 2240
244 2039 7368 4629 7910 8071 7503 8446 7277 6911 1496 4199
245 8579 9314 3815 2279 9335 7823 8723 6336 4812 2593 5887 4126
246 32 4255 2933 6185 1034 3529 8675 681 3423 2136 8193
247 597 9104 862 5833 2781 5126 1201 4893 5055 1903 1269 6388 7314 2662 6613
248 8302 253 6587 3433 1309 7832 7816 5157 3264 9576 7234 7881 6331 1105
249 582 3769 7089 4435 212 4530 2245 6374 7965 3585 1625
250 1305 1896 3196 8276 3516 3096 2043 4685 5478 276 9453 7652
251 8519 2919 2033 6738 614 3152 815 5648 9509 1119 7057 2182
252 6824 5226 8010 3672 4722 7704 5859 9124 8201 3664 3163 2240
253 2900 9715 4086 8938 9655 8452 4665 4482 7200 899 5484 9499 2166 8908 8609 3320 5412
254 7435 1963 9092 7075 9710 7381 3838 9872 9810 9400 8224 6545 7240
255 6931 669 6626 2365 4609 3709 5826 3943 1936 4442 1553 3757 4311
256 852 7294 4829 7372 9253 3347 7241 4469 9168 9770 5322 6938
257 4907 789 6345 3542 6431 8914 6452 2295 6902 5192 7110 105
258 4410 2157 9980 9946 6493 8303 2750 4529 9063 4226 1083 4661 9933 205 7153
259 2360 8793 634 1662 1539 2653 4683 5901 6673 3035 6670 5045 6149 6748 1206 7023 208 3836
260 9187 1034 2903 2536 0 2744 6180 1092 3235 6325 1548 5097 8043
261 693 9766 4751 9459 7135 5174 9773 8659 9186 3752 5821
262 6475 7398 1155 4008 2588 9481 5681 9301
263 684 7327 1611 3692 1511 4485 6639 8001 6694 3497 8728 9443 2962
264 6167 4486 248 9718 9698 4204 7928 3322 9364 3128 1657 7949
265 9980 8321 8788 8443 556 7378 1766 8751 5194 4912 1289
266 191 7830 3322 261 3973 9164 9249 7312 1003 9021 8894 726 3395 9533
267 8824 3179 7571 4852 9530 1003 8297 1109 2296 3432 2679 4326
268 7646 6191 1486 7860 5481 9782 5358 1936 9876 7071 9684 8507 9293 6970 1167 8387
269 9882 5539 5181 4414 7169 2134 4099 1729 3139 605 4378 6499 7688 2346 2986
270 9182 9170 1227 773 926 7589 4407 3778 3091 4077 9677 9848
271 7926 6446 2075 1817 8446 435 6481 2536 7757 1790 2
272 2715 137 7295 2791 7752 8468 2803 3436 9673 3939 3204 3877
273 8864 5100 6299 6286 4145 7463 6984 5872 8364 2190 2856 7351 6970 5780 2128
274 4394 2046 4395 4139 5911 1942 6429 4610 749 6269 9451 7782
275 1526 6299 362 9072 287 5514 426 1144 3553 30 75 6029 3521
276 7057 7354 1880 201 1620 7066 7449 3913 7157 772 2239 7756 6537
277 4284 2942 7909 5213 2976 316 9939 7647 9872 2608 646 3814 148 2240
278 7155 2353 4115 5587 5184 3946 7576 9972 8952 4851 2155
279 2754 4649 568 1748 4738 792 7903 6959 6089 1750 4199
280 7295 8108 6362 8807 5631 3557 5161 9907 1351 9952 6158 9498 8365 8958 4824 7699
281 4065 528 2065 7620 5824 2742 5347 186 318 8319 8932 7138
282 9872 9686 8515 7566 2225 6994 3571 3560 646 3508 4540 221 7652 2240
283 15 4114 8203 8939 357 3123 1798 6354 8290 9304 7666 4573 8116 5962
284 8133 987 8613 6607 5495 1314 4949 4798 6697 1381 8224 9273 7053
285 5972 1977 7311 4700 1269 5268 4049 9505 7048 412
286 5930 599 5128 8834 115 8198 2419 2235 938 871 3244 2414 8134
287 4421 1845 3451 6188 9106 4221 3214 7829 7371 2379 9414 7521 2346 420
288 936 8738 3200 3028 7030 7051 1020 7086 2134 1549 3100 5219
289 9296 2793 9689 8419 8725 228 6754 13 7305 5109 2452 5175 2685 5715
290 359 8770 8438 603 263 8871 6108 4735 555 150 6895 2676 3781 7782
291 7536 3608 3679 973 1597 3256 9168 3788 9337 120 703 1615 7377 8157 5112 4377 79
292 9466 4646 3788 6715 9793 6760 3818 2377 9176 8032 3434 8495 6547
293 1374 4932 7131 543 4028 6929 8560 3212 120 9704 467 18 1868 4985
294 1681 5456 7393 5634 4838 2770 4154 5695 4706 1282 5434 6423 9733 2704 321
295 7283 6205 6988 11 833 2812 4355 8754 6204 3964 4035
296 7424 6756 448 8804 1424 4649 8101 8178 6503 1319 712 2699 9007
297 531 4000 8544 1255 1376 4438 9221 585 264 7742 7599 8343
298 2766 1398 6948 180 4440 8082 4189 1045 8628 3051 6980 3376 79
299 6981 2061 2487 6583 6856 819 9316 6315 6934 6621 4020
300 1973 87 7226 9771 5138 9997 3884 431 3499 4374 7807 5156
301 6402 4603 6637 9590 1059 318 540 8596 3654 3023 7762
302 6695 3346 526 7346 1453 8627 608 4293 4979 7606 1238
303 9243 5271 1612 7668 9327 350 4 725 1416 705 860
304 3638 3446 2330 2372 8985 8073 1738 1325 5066 3575 4584 2327 5715
305 6440 2998 859 2124 4409 2381 9964 3579 584 9046 6099 139
306 6728 5351 8760 4546 9911 8266 7793 8862 2137 8268 3151 4293 2666 79
307 6606 8177 1363 4917 6776 8806 4816 2736 9897 8638 7861 5072 6020 9968 2240
308 687 8973 3298 2994 6154 3598 6968 6976 9835 1165 4006 5033 8293
309 8397 1409 1396 1717 1219 1144 8672 8056 593 9532 5145 3362 2327 9968
310 3214 2596 2098 5094 147 6386 3414 3566 6402 5498 148
311 1194 2763 9656 6660 2934 9920 3622 16 8521 3240 7883
312 7578 4087 6224 4030 4160 6691 5180 4260 5823 5171 5455 5950 3363 6258
313 473 7745 7358 7603 929 8492 86 9737 2591 376 1125 6613
314 3599 9203 5689 8654 1745 5729 4609 9902 1878 4626 3783
315 2959 3568 8271 9115 9029 2043 5177 6879 5657 8084 9873 5105 155 374 8293 2962
316 6569 5312 1628 2722 6879 7326 8488 8720 3545 1479 1292 1563 4314
317 2280 9707 3592 5049 6223 4328 7754 2061 6168 871 2698 2414 321
318 8046 4249 9563 1653 6913 2328 7338 9498 1531 2843 6705 7947 4699 6020 9968
319 8505 1158 7542 6665 4388 3239 5293 7165 7859 8686 5157 6978 7153
320 955 6793 9306 2985 299 9528 2473 4472 5845 3362 9508 244 1963 3981
321 5255 4285 4842 7651 6318 1976 6829 7352 8219 3657 1670
322 4072 849 8542 1847 9446 8837 7939 8611 5723 8912 6258
323 9769 2289 7907 9435 617 2378 1918 5423 4116 1694 2060 8693 843 3074
324 1976 2201 4983 9660 5011 9266 1055 4853 1718 9444
325 5104 2540 5994 915 1652 9318 4898 2326 2830 127 834 372 4539
326 8312 5724 5753 9817 900 3005 5279 668 345 6341 7516 6257 3584 5715
327 2755 4102 8112 3743 337 4610 1426 2896 398 2658 8428 7998 4056 6082 321
328 296 2585 482 2767 3157 7437 2527 6401 3137 1414 3134 5365 6570 2818 1343 2962
329 9566 152 5091 1973 6246 2541 9610 7161 6490 7038 1429
330 8911 2829 2082 3189 3062 1665 1693 7399 1502 3989 6170 7413
331 8650 3971 314 8481 7650 141 3954 8505 7842 2555
332 2291 1262 6985 8434 3344 986 8575 3418
333 2516 506 5494 5468 3116 3495 2907 5980 756 9989 9226 8584 8509 4660 7219 447 2962
334 7059 6593 9395 8983 899 8318 798 2332 8661 793 1774
335 3585 1371 9283 2836 573 4153 4946 2347 4490 6473 9483 5715
336 4703 1355 5930 7531 4023 9263 9000 4893 506 1157 4021 6967 3936
337 6241 5850 6010 9927 2421 9067 6974 5351 8228 7314 3877
338 7500 8230 6002 6205 4609 6791 9350 6192 7342 9811 1710 979
339 6278 9445 1698 7334 9485 6396 8956 358 679 4624 2240
340 4493 6271 9791 1960 645 3153 6158 2156 6181 3759 9050 9219 2555
341 6488 2031 6112 2239 3356 1170 6441 6736 3418 7969 5739 7290 6141 1668 5715
342 2502 7131 2779 5245 8868 8879 7011 2846 6436 3155 7180 4752 2121
343 6452 1063 3854 2755 6624 3142 8903 4320 6939 8506
344 5034 7121 8289 9673 1860 5070 3257 9117 6139 308 896 205
345 5599 34 7271 6121 9508 983 3727 413 6519 9296 3380 8663 2240
346 2035 7680 6590 2089 1756 4889 6257 6104 7948 311 321
347 4007 7838 6048 4820 2205 8108 3529 7894 2214 3548 2543 6101
348 9305 4431 3626 7377 6427 766 2950 2726 3886 7192 3630 3184 321
349 2363 2605 5679 8386 5637 2501 4586 3585 5206 6628 6869 8294 5103 5318 1846 1731
350 3286 8514 1210 335 8036 6319 6783 9221 3015 1491 9467
351 961 5719 9680 1210 7000 3667 3233 7441 8819 6744
352 125 669 779 1554 1076 8338 6 9647 3216 6130 4350 2673 1117
353 8483 4013 9730 3358 9763 8974 9577 9628 8480 2798 4645 4034 9086 1625 2962
354 4237 314 548 1451 8153 1488 1948 332 4634 5827 3199 4060 6071 8470 8406
355 9792 5389 9379 6152 6685 7885 8967 986 8669 6873 8599 3043 7153 2962
356 5419 4083 699 2300 8838 9051 37 542 2403 9293 114 6615 4463 2327
357 5516 1021 7106 3135 2041 8457 729 7278 6811 9348 2653 2760 2414
358 3990 8201 7063 7201 5995 4729 6009 78 5961 676 9481 9188 9160 321
359 506 1038 2062 5579 6859 5718 3655 4648 8092 8716 5962
360 6644 6239 3382 9142 5682 9602 5089 2766 508 946 7085 9129 3894
361 3189 9788 3706 8096 9064 1590 5807 589 533 501 2376 7949
362 5382 1813 4922 6757 1770 417 2507 5085 6519 1309 148
363 7658 9552 6743 5000 2173 6840 5722 9326 5271 1383
364 4403 9638 3876 7342 6597 2530 6860 1431 6124 2197 9192 9518 5758 1710
365 5637 6468 2653 3659 390 6602 8202 1081 152 6741 9119 8990 1613 5543 8248 79
366 8044 3596 9096 218 5919 2918 3115 998 4604 8657 8300 5471 3479 6095 9903
367 9704 1818 4892 3881 9728 6456 1962 2124 6234 3291 5329 4567 8920 9007
368 2695 6004 1591 466 2205 3411 8339 8827 6323 7350 4171 7874 7699
369 9928 4187 6675 9656 2548 936 4507 3366 1368 7002 6380 6797 8134
370 362 5199 7985 2312 8262 7089 4877 5727 8758 450
371 3726 4448 6102 5778 783 9543 7863 8847 7604 1818 5740 5492 1335 1430 7355
372 768 4983 961 736 8309 9568 3459 9879 6777 3061 7320 3521
373 4966 411 6885 8291 2834 5292 1431 5549 5344 1622 4199
374 5612 8250 4595 7540 368 4246 9752 597 729 8732 3883 3207 5848 79
375 3735 3161 5148 8890 5113 3015 489 274 7909 6829 5515 4199
376 308 9279 7058 3516 9104 5602 2567 8777 7688 2650 8069 2555
377 5169 8213 4718 5001 1107 9895 5790 8123 1557 9545
378 635 7390 3653 2688 7816 7739 5652 2076 1702 9958 7732
379 272 8879 2185 8430 5124 6218 1002 3017 2553 6786 7036 3745 5661 3528 9842
380 8329 9006 6696 1268 1138 5114 9358 7340 5444 7392 7355 847
381 6213 1908 529 2975 1286 1192 1824 4162 2112 415 3867 1042 79
382 3527 7371 2808 3628 2576 1816 6345 2090 3830
383 1389 3378 3247 6112 5491 8350 8317 1936 6033 6492
384 7156 7042 4053 3262 1154 6706 769 6690 9253 5158 882 1997 9008 7219 2962
385 1517 7375 775 7760 4808 6732 6384 2558 1504 1091 8125
386 4345 7824 9762 8529 3323 686 6051 3785 5241 9715 7749 6201 2608 5880 2
387 9559 54 9 9081 5013 5308 4895 2283 2855 8958
388 7408 5172 9019 1946 9905 7246 6506 9134 3265 4752 8431 2962
389 697 5432 2082 3211 8772 59 4390 8004 4135 3397 7361 5715
390 1639 2471 8897 1109 4908 8463 801 4672 7457 6385 9777 8722
391 8004 6396 9885 7155 1308 2792 6700 5031 2657 5184 6176 9451 1496 5748
392 2044 78 655 2306 9066 2258 5584 282 5676 338 5386 9968
393 7900 440 6915 7581 5873 8486 4171 8072 3170 1179 951 8812
394 2401 1549 7627 8936 3908 373 4101 5547 1318 8880 697 4400 5748
395 5944 2105 8432 2210 1194 8499 6923 464 4276 865 7434 1125 79
396 5723 5766 4994 6637 2476 1220 9092 499 2816 6819 4348 8210 925 6613
397 589 7957 2882 532 8602 7154 9690 490 8540 7320
398 8412 2406 9547 6164 1614 312 169 5991 2337 4070 7085 9178 1774
399 3502 1637 3628 8122 6206 5236 4429 8978 6291 7083 7260 9829 6465 321
400 7942 1439 2311 7183 4586 3118 7867 4577 1880 2331 7060 895 4326
401 7784 7268 5581 8737 5363 5312 6114 4674 5228 2760 1831 5462 7883
402 8522 3743 3279 2091 9524 2024 568 3169 5176 5982 2013 427
403 9597 2992 8443 4601 6753 4683 7765 9997 9941 5504 3630 2666
404 9886 4329 1519 7243 4177 4050 2048 1726 1017 8183 6467 7762
405 8774 4872 5486 4640 5803 3057 7999 4971 7806 321
406 2076 7646 9339 6295 6156 5753 5647 9714 3865 6938 5715
407 8481 7263 3271 506 4243 1654 5928 3536 6303 1829 7001 6613
408 529 5907 1273 6325 6834 1795 1347 3404 3597 5778 7800 2168 654 3020 6978 3543 2962
409 634 2923 7607 5568 1914 7654 9908 3310 7104 2200 475 399
410 8194 8658 9902 4223 1620 1694 6213 4462 2316 4905 1025 6549 6296 7153
411 8314 1773 8349 1208 3796 1998 7301 6426 7079 8954 7678 7992 7883
412 4305 7928 1863 2855 3570 8280 2568 240 9581 8529 7367 3836
413 765 9359 3334 117 534 4694 3743 980 3341 2669 3610 1124 8105
414 5514 7627 1890 2712 7181 8213 1017 9727 3729 8600 6141
415 6286 9808 6205 8639 1376 9319 6852 698 3125 6826 1810 3251 427
416 4365 6136 9721 6541 7571 7482 9678 9377 3702 4312 3036 1484 7847 8713 2615
417 9196 8703 8056 24 3534 1698 6437 5727 5692 7663 7285 5340
418 2357 8625 9664 4420 26 7837 2350 9005 1041 5250 1651 9014 6538
419 639 4220 5377 5994 7080 9048 7264 5864 4564 1117
420 5835 3598 3205 6563 5722 6094 241 780
421 7347 3133 6205 7373 2765 6673 7729 5590 5316 7999 3053 238
422 7872 2223 9983 8270 7086 4297 6651 3711 8496 9123 5223 7602 9260 4531 7240
423 7603 1675 6396 6510 504 8737 4533 2364 7289 4985
424 5691 4982 9636 5689 4466 6120 1660 9350 6270 7652
425 2215 6444 2393 213 3563 2558 1491 825 4030 7009 5849 2485 1799 838 8125
426 3775 5195 9161 5068 909 2270 2262 8964 2881 993 9040 5412
427 6489 7513 4637 4169 8661 9699 5086 8511 4845 7909 8822 7694 325 7379 9299
428 6246 9816 9332 8885 7319 2811 590 5786 6755 6593 6767 2856 1534
429 4292 2616 4733 6221 3597 4704 2954 3988 4026 6563 9041 8990 2741 2847
430 957 2228 7719 8090 4331 1288 7539 8712 2997 2979 4855
431 1483 3122 5845 4668 9326 1410 4233 2888 7896 3673 2155
432 4736 8725 2590 7900 9127 3587 5298 904 3557 1105
433 8981 3200 5147 3122 2580 482 9066 7578 4050 7367 9244
434 9507 9932 698 7222 2402 648 7588 4097 9534 2976 9843 2322 199
435 3633 9902 1725 8035 3915 4370 7638 610 7709
436 7939 5770 7945 6138 2733 9959 8815 1727 5289 6799 5412
437 7229 6789 8206 9517 588 4711 8700 2680 2767 4186 8227 2155 9533
438 2814 8244 4955 3889 1893 7585 2921 1109 3607 7324 2611
439 9015 8474 633 3055 8879 466 4270 3022 4587 7952 3520 9829 4584 7454 5322 7949
440 4289 7912 4608 9437 4393 2919 7385 7100 2860 4258 1784 7762
441 6812 2813 522 295 2532 5704 3661 6819 3862 9585 4937 4386 1665 8822 1625
442 42 2423 9559 5976 9519 5781 2788 6299 3461 6343 7219
443 8819 5289 8572 6413 1326 7723 3635 7496 6675 3536 9181 780 5962
444 5577 9838 7008 2253 4368 3301 901 8962 7127 4082 1204 2790
445 6368 8461 2606 2936 372 1773 2850 2440 7410 3777 8710 7564 1066 8580 105 3982
446 7570 1580 992 6315 7538 4659 1213 8622 8801 7005 1835 8265 6413 447
447 3547 4856 1556 9936 8372 4954 7840 286 4863 1318 6565 8212
448 9021 2985 2716 2504 1996 5236 8768 8346 4740
449 7626 8407 7128 1003 5028 1646 767 8458 3995 9159 3961 2897 4199
450 51 3253 773 3943 9041 1362 2111 6206 1783 5189 1058 8125
451 3039 3448 8247 6784 5180 6143 9226 7387 6777 7904 4520 9931 2643
452 7262 5998 5416 3625 4440 5849 7450 1075 5344 2060 5008 7720 9865 4558 7438
453 3189 4299 3491 6250 9725 9196 9415 6235 5955 8090 8684 5716 4071 7883
454 2935 1508 7351 2269 5673 9422 6366 4111 2243 2857 979
455 5920 1742 6309 786 7841 3256 5093 2091 6745 6808 865 6258
456 5183 9592 9804 3832 6770 6924 2115 3310 9820 9335 3759 3668 6099 5762
457 4692 5129 8335 1417 9886 4713 4572 5546 7128 7174 9272 9723 7732
458 336 6897 3231 5637 2567 8374 3420 1906 2512 5418 4274 8005
459 8801 4590 5195 3715 3055 4976 4924 9958 3961 9385 7659 8958 2349 1984
460 8638 2039 5338 4363 6900 7419 5685 4646 4434 5659 5104 496 2673 7880
461 1650 2727 6108 8610 5963 8886 9559 7955 7753 6404
462 4225 919 8038 587 1169 7322 4429 2216 7318 1791 6296 3012
463 9936 9235 8729 8079 6627 7036 3900 3486 2245 4956 3126 6997 4531
464 3735 6200 9994 4302 125 7083 3327 6984 8669 3452 7797 3684 1343
465 4472 2835 7115 4691 3088 3837 2283 2124 9277 7509 5697 3465 3989 8105
466 4873 1820 7134 3746 8966 2283 3743 8464 2380 1320 8089 6014 2288
467 6163 2380 4247 5297 6356 5107 7961 2326 8225 1411 8591 4343 2615
468 4944 2562 3774 6118 9092 578 8510 5369 5867 5078 5326 9968
469 8295 6634 3922 4914 974 741 6947 8712 7084 3117 5607 420
470 4088 9367 1003 9088 5176 4257 2710 3282 8813 9803 3068 7736 2288
471 2233 2359 68 5829 9735 9898 3576 1899 6809 5986 5482 6060 2986
472 6524 1672 3391 256 7567 2115 4986 4840 7819 232 8037 4828 2542 8994
473 5509 244 1446 6089 1477 5623 3300 345 8217 4745 7274 3406 6747 761 2349 2847 4176 1774
474 1344 6752 9153 7796 2511 1844 1723 1782 6361 8828 208 5507
475 9419 4149 8261 1394 9517 9846 6425 8080 4603 3864
476 3021 1591 6172 3033 6724 5365 3205 8527 3025 9603 6611 208 9545
477 2231 2861 3480 4281 5312 9883 1437 6160 9336 9740 8307 569 935
478 3978 3196 3192 1163 5091 5154 6398 9549 1515 1303 3012
479 3657 8050 8753 731 5983 6641 6891 7927 766 8285 729 931 6137 1670
480 8199 6755 6072 6193 3777 6221 2614 4753 2552 7699
481 4591 6425 1435 996 3818 6245 4973 4001 8875 8078 7521 4093 2685 6547
482 8865 3737 611 7321 2048 306 597 3825 7566 3408 9487 1095 3377 3936
483 2218 7330 7999 507 7810 6888 1160 8350 689 4439 7090 5111 3728
484 7860 1836 5435 4117 210 7106 2279 3523 9941 5006 8092
485 3478 2852 3546 8160 8481 2215 2599 3725 4398 3249 3408 7204 3894
486 1191 2560 4267 429 7931 8418 5258 254 6217 6996 4784 3982
487 7802 6395 6445 6789 320 2749 3867 4518 7167 301 5005 6909 7333 7713
488 5810 2393 8501 5922 353 725 6115 4704 7376 5701 8443 3314 8978 6030
489 6759 4674 2420 9817 1230 2976 9765 461 6907 4159 9656 5483 2630
490 1274 6334 1006 1061 1885 990 6089 542 7343 7969 7456 2858
491 3597 57 3940 9980 6878 6677 3262 9317 5092 2147 2023 8078 369 7153
492 1059 8056 7542 330 2297 9503 1566 7127 6859 6690 5235 4223 9803 1963 4035
493 6902 4204 9626 4888 4036 9570 5493 6358 1458 2319 774
494 6019 5773 7642 4789 7332 3419 7566 8773 4586 217 8990 2064 5762
495 4538 6274 3384 1883 3280 324 6230 8810 9011 7231 5014 238
496 4896 1779 5165 9957 4982 7606 7128 3629 1301 2511 5791 3229 1878 2650 9467 7699
497 5761 9992 4566 3501 1248 976 5672 2645 5055 6879 1552 3395 1353
498 8012 2361 7058 7687 2505 2674 6965 6551 9286 6636 3268 3125 6021
499 6366 1276 5532 7116 5977 5723 3469 822 1530 2634 3672 3092 3113 3074
