100
0 2 76 32 2325 0 5 12 1039 1 14 1944 46 9575 95 1717 414 16 3 1579 180 1776 6 107 1999 330 231 7 4 362 3160 6607 27 708 554
1 1743 17 2128 38 4791 0 6 5893 186 70 65 1 28 470 136 7559 12 1581 2571 4 1023 1927 5782 591 64 14 15 518 160 11 2 1363 1799 1290 252
2 1 4 330 3713 32 19 1457 1935 0 28 799 590 712 384 2 871 1138 70 270 22 54 21 3330 3 868 45 121 8 122 158 79 13 42 1289 5 206 69
3 0 4 2 1 1888 5675 1329 50 217 194 548 441 534 71 6 903 11 15 249 5463 10 3 33 130 9252 61 14 27 512 309 735 231 155 8 725 6656 176 356 3097 138 554
4 13 0 120 2 1424 65 5932 742 476 6 8 408 14 257 18 55 310 1 27 9 5 11 30 4834 23 137 6270 6147 7 19 546 174 47 6376 17 4 2345 534 68 397 2818 1482 138 1310 7055 1502 3975
5 3 20 2 236 25 207 0 43 7864 24 177 6 19 2649 5 64 524 1926 133 36 4 90 1871 30 31 1292 580 1 16 4533 120 1173 621
6 21 6 1 0 13 14 5 3558 280 10 377 20 1880 288 181 89 46 1325 3513 52 2 119 3 8906 33 178 651 16 9167 17 8 2153 2072 7 3244 176 126 1502 138 1310 2264
7 169 10 150 9109 181 1851 3698 90 4 565 3 833 7480 1 105 143 3009 0 187 569 323 1201 53 758 7 948 968 1290 1310 2264
8 0 28 1553 2 1 7056 38 9 57 4 3425 15 7 2928 8 268 22 3765 422 3797 12 510 9085 10 1948 24 178 500 892 6 5 909 2035 37 11 16 199 5011 3774
9 0 5226 353 1 12 19 2131 6 1270 248 2725 31 2 733 630 110 138 25 1545 33 100 11 7941 14 3 4 75 858 2170 6729
10 1286 2203 1506 2932 36 269 1485 0 4 152 1077 3140 86 3 9989 7702 683 5 8157 14 3801 18 27 694 172 12 22 1 9375 23 268 26 15 8 1628 4978 224 3199 120 859 3477
11 286 742 2 705 3849 97 7328 3204 1 214 3 0 5 29 2568 1558 452 47 338 6 18 7979 382 4581 5459 16 28 11 239 187 19 3182
12 0 266 43 16 257 4 1 39 25 45 102 7 2 68 9 10 8 6 80 4167 804 344 63 3 902 194 169 5417 1067 199
13 3 109 14 57 25 125 1 9677 0 44 13 8 4397 261 15 20 150 947 23 19 183 894 4 39 2 302 2947 74 375 118 572 281 17 199 162 9 27 355 120 7242 2264 138
14 2925 1813 1244 159 1 4 11 5427 2 0 1216 1000 174 5 6 876 1828 17 63 886 332 39 6570 8486 1452 801 3001 20 44 670 19 3 236 708 6604
15 0 21 91 204 1 586 2 362 22 214 466 869 3004 574 396 3 25 437 584 478 4 2726 1072 6 34 97 5195 45 77 252 155
16 0 9 283 46 2 1 5 31 92 7 201 177 4 302 2096 496 26 993 27 2014 3 6031 446 3842 3228 1818 12 2647 28 120 2857 5526
17 12 0 6 3 29 31 1 30 48 52 38 2399 1963 1019 312 8 10 4 20 146 61 23 91 122 7 390 357 719 352 110 193
18 3 0 2040 102 4 7 314 6061 773 25 592 496 600 3036 33 5 1 362 6658 14 130 3116 1687 9 2 639 22 547 4102 583 708
19 724 175 769 4 139 0 67 59 216 13 1 2492 160 2 287 550 5294 3124 15 5 7 3878 3 1253 16 4190 30 5167 4113 286 3022 9559 708
20 4476 2 6 1 0 938 3 16 89 4 15 10 36 1797 149 33 831 26 3575 49 418 24 29 249 7 652 487 8724 968 5526 859 1290
21 1 0 40 2 3082 3025 1375 13 9804 45 9373 1097 3573 7 7479 19 108 33 2425 200 12 160 170 66 11 131 61 1023 168 156 121 3475 65 120 2848
22 0 4 751 26 7 2450 2 1 822 863 56 20 6747 3 9 43 75 501 55 125 100 196 77 205 239 14 1280 27 5407 381 471 5313 1954 2848
23 2439 6 15 1 0 368 13 36 10 426 3 2 5 118 595 9 17 7 14 1325 169 52 40 5564 7584 104 30 966 19 457 332 102 99 101 4 8 5661 2060
24 1 0 5 2 1264 680 202 6 60 15 11 46 3 1364 1112 20 77 59 2236 641 596 125 13 455 4571 9569 85 7627 14 96 7 1476 1932 523
25 81 2 45 39 4 1 466 5 4060 1680 0 9 14 8489 8614 35 140 7322 685 6 287 44 1893 492 2522 1307 1037 8 436 241 138 27 69 5482
26 0 2 4 3 1 7 842 5929 5 2408 8 130 1133 890 3935 86 706 162 140 637 1443 15 513 62 80 5205 2924 59 5415 79 509 64 1052 482 120
27 1 0 1137 4 122 2425 39 16 3 546 53 23 4962 2207 6 204 171 238 8 29 33 1889 5364 10 257 43 220 8855 6005 14 1917 5150 2848 2591
28 19 2 1506 1260 68 473 1 103 0 4207 7 9862 4410 6 3 8 4857 1504 5221 4 108 1677 121 15 76 93 105 4625 332 6192 67 1151 621 5921
29 0 2 1 1867 202 131 2611 4 7 36 3 3764 594 5 60 22 129 223 2102 6021 5850 858 496 84 6 67 3125 80 50 10 4977 6459 968
30 0 2 6 1 52 22 3 178 4 12 14 164 1415 5 47 1282 145 78 70 196 719 19 378 7 8 75 163 310 149 4242 46 815 44 81 277 162 63
31 36 5485 68 578 0 51 2 6 4 975 1756 741 6705 237 1 9 4818 3 9248 89 22 26 111 190 8 14 431 513 7320 398 457 92 890 1917 869
32 4334 1498 0 2 1 13 2700 3 80 10 5 34 6 160 14 20 270 4548 938 30 435 2557 4 9 830 7971 9407 23 22 637 4048 3731 2836 371 155 8 138 554 3975
33 0 2 4 3 1394 1 160 66 26 131 43 89 660 15 898 222 13 1606 497 9 8 400 47 930 1053 20 4958 885 3428 17 27 19 69 184 6656 7585 3097
34 752 0 3003 1 14 2469 514 4 3 224 305 2270 2 6 9 1030 37 500 50 39 1965 146 19 9767 84 15 548 374 114 8 35 133 5 201 294 126
35 1 2 0 140 1885 3 71 6 433 21 1026 7 4 11 19 95 186 1782 5 277 259 301 164 502 3537 198 102 1959 55 1830 37 22 8 85 123 138
36 0 1 3 2 4 214 137 5 532 127 15 6 181 81 77 4300 9 21 714 1713 9798 17 67 163 631 56 18 8 2930 3110
37 0 360 10 1224 1 1864 2 124 14 93 19 94 5 4 7214 28 35 5609 437 45 3 1271 9 52 43 11 6 65 44 121 8 859 3097 4371
38 0 1 2 249 1358 14 360 225 66 994 1126 2463 90 30 3 235 118 10 2518 263 6411 3989 1260 8 22 304 5 723 21 216 3323 27 1958 583
39 0 145 20 2 3911 1857 8 3 23 10 34 143 250 2229 30 644 1879 2758 99 1 558 5634 7 11 1153 1947 5 367 19 42 32 46 184 176 126
40 1 0 3 19 982 569 150 4 98 245 1047 2 13 203 170 17 12 141 586 76 1463 42 1321 938 7 6 44 450 217 138
41 0 1 204 2 145 4 229 105 16 6 69 128 4020 15 44 13 19 1324 2453 35 5 97 177 11 18 1562 118 309 3616 241 690 2151 111 1210 1568 1809 9 7 8 554
42 7 0 262 603 119 227 937 1 11 213 23 1211 39 7360 72 2 21 4429 29 3663 121 12 5901 3 14 2417 2254 3624 4229 1878 4 1141 1495 968 9517 1290
43 1 0 3 6 10 8 23 11 4 2211 2 291 15 1527 325 465 773 32 12 4252 5 124 73 29 1677 16 1912 158 1395 9 2316
44 0 7 2 9 1 5 712 21 151 200 133 194 6161 87 3 2721 42 1825 4 6 2196 704 6686 169 390 172 8 165 152 60 245 23 15 28 184
45 0 1 6 225 128 6038 2 4 2925 10 258 3 29 9479 31 19 7303 2831 8 887 1193 142 822 23 481 7 2885 135 37 1450 914 197 6402 1954 708
46 22 2 201 1 3 0 1183 1361 9864 20 59 46 5 1270 1013 21 159 9592 136 4 1502 314 18 152 9 1934 11 93 5429 1001 145 352 48 484 1697 7 8 4148 27 1452 1263
47 0 1 133 2 6 4150 9 3 4 3887 13 40 5 7 262 261 125 1613 53 225 996 8 484 3799 18 130 23 96 10 14 842 178 4722 22 27
48 473 0 3 2 632 1 2945 3193 103 6285 7 147 5467 12 256 339 54 10 133 8 36 568 22 75 19 68 114 4709 367 4374 408 4821 102 62 5 9 4247
49 0 1 4828 144 5233 171 687 6 8738 1011 37 14 868 157 2 108 158 12 5 4342 16 22 586 25 191 11 2355 192 18 7 3 240 6986 6165
50 1 25 5016 7 0 13 52 37 423 3327 46 3 19 3164 6981 2087 8123 2 859 12 16 9 2434 57 4 444 35 36 21 60 2825 2375 6 5268 2780 8 3244 968 138
51 2148 508 40 16 7 0 7711 5031 4 53 1 143 104 180 2 6211 304 780 12 99 52 6 18 1415 160 39 2642 426 157 1692
52 0 1 2 1680 2974 1228 207 33 377 39 12 44 7 1666 4421 3 104 1229 91 1012 4 71 105 1465 317 326 64 859
53 0 2 1 3 4 458 1209 1558 8660 10 558 23 4723 329 1037 5 15 6 8868 19 251 2708 9739 22 95 11 45 790 411 357 2115 7 211 899 155
54 0 2 1 66 44 3 49 4259 622 1159 4 63 349 7306 375 147 364 1442 243 380 20 5 15 390 6 825 2359 16 713 119 59 115 38 17 1721 104 2700 4247
55 13 43 704 458 84 36 7 1 310 8325 943 0 1009 27 38 2 11 6 14 108 656 3 5 56 155 18 130 116 4 240 2448 39 110 9 1283 1184 8
56 1 0 2 3 33 41 4 150 10 964 2052 16 1248 1890 6005 8290 9 91 463 82 111 3176 3529 114 868 902 1457 1787 621 3756
57 0 2 1 3 12 15 7 5 22 587 4648 13 891 246 73 1925 195 222 4 6692 10 19 1291 231 1776 8104 531 6 181 52 3831 468 2780
58 20 21 0 11 66 585 3 42 143 1 79 1810 75 2 1003 1004 529 5297 29 47 5 205 1363 371 1271 6 1153 156 16 74 178 139 121 2153
59 1 0 5 1566 15 84 27 9913 6238 13 2 43 756 1096 3 5350 35 3002 34 2736 32 3843 6138 55 5333 914 1655 7979 4 12 64 225 99 28 8450 1334 252
60 0 1 2 3 2014 100 6 248 2013 30 11 996 33 325 4 80 45 15 36 1017 412 103 174 14 99 3839 22 35 2225 16 176 355 899
61 6 0 351 1 60 2 40 9 6580 10 5 4 5474 126 358 77 8 3 2126 36 23 2243 1601 28 748 17 57 263 52 1738 169 27 290 252 583 1737
62 1 0 6 28 47 12 50 3 4 5731 7 39 80 8 3899 14 111 402 1251 2 1880 8258 69 320 6629 37 16 9 98 1391 8892 2521 197 176 1263
63 7121 71 0 13 12 23 2209 476 1524 2 287 22 1 4 279 11 167 3320 16 3 320 3073 61 6 64 438 6229 44 30 422
64 0 6 1 5 2 3 4 7 465 1886 56 2919 9 5954 1907 40 262 36 4553 538 4151 11 973 911 112 103 4448 39 3608 117 327 8 27 1671
65 1 0 2 21 7 1329 4 3 13 7155 18 39 2428 20 11 967 1389 259 5 9 7421 256 463 605 67 88 3677 2016 3009 80 371 1604 5482 155 138 3244
66 0 3 1 8 4 46 171 2 5 57 9520 92 7007 551 32 133 5545 18 78 37 14 7 2282 404 7202 10 6 165 16 5637 164 2429 11 9 21 921 181 120 1671
67 0 1 2 4 3 127 10 20 6842 493 7 68 837 8 560 3366 811 11 5 37 28 9039 908 9589 40 1608 30 200 705 1296 35 139 36 72 6668 3389
68 0 1 2 437 14 5 133 17 3 93 702 15 8365 6 66 1298 9 861 7231 313 7 32 1759 513 712 29 234 28 10 1296 8 74 668 139 681 2216 4347 6698
69 0 2 1 4 11 196 2195 4734 3 15 8 2100 7075 2201 7 5 994 85 36 354 89 6450 19 77 309 3247 1112 30 32 2725 6 512 270 126 1482
70 0 1 19 2 47 3 36 38 18 98 349 59 9 218 1061 46 7631 8 21 10 3931 6 154 9140 15 174 1909 2547 44 45 5 61 650 78 797
71 1 0 3 1698 2 6 3643 232 5 636 8917 48 2087 93 5592 75 8 1825 39 241 30 4 7258 37 111 970 378 35 69 554
72 2 0 1 4 3 3350 37 551 3163 14 48 635 963 11 4448 112 4628 5 15 659 324 17 6 49 8168 1650 1182 225 40 57 7 121
73 0 1 2 23 11 33 1562 4 52 7798 1129 6 30 5 317 1062 431 9 6188 40 16 7 240 1614 652 98 232 2643 9212 113 193
74 0 1 2 5 3 20 1241 4712 687 11 9 28 6 29 51 14 179 1416 4216 586 301 88 99 32 17 90 223 4 2923 21 4327 948 5661 708
75 0 1 6 7 2 3 4 15 11 8 13 335 167 45 174 82 8970 5 104 2883 259 1067 690 238 47 10 39 22 821 58 155 138
76 0 23 12 2 1540 1 1215 80 126 48 16 21 389 260 341 49 1615 4 3 11 39 756 1027 9 6 20 10 2836 1830 251 714 867 8095 3849
77 1 0 2 3 6 2784 12 276 144 851 259 21 4363 35 11 82 776 354 1005 161 3180 1393 208 83 449 3411 4 806 17 7 105 1593 27 155
78 0 1 4 29 3 10 46 32 7 2 17 21 84 3900 879 307 22 48 6 8 13 49 804 38 436 5715 35 89 111 31 135 27 968
79 2 0 18 3 1 3367 6 1099 222 353 584 206 3526 6450 159 4 45 1318 436 51 9 6881 11 76 5 7 87 2491 49 10 176 138
80 0 1 2 3 21 4 695 1067 11 244 10 5 8 956 76 5842 33 5404 8378 454 8398 217 6483 99 2117 167 17 197 3244
81 0 1 6 2 4 3 402 10 6481 1788 755 11 7 37 466 368 149 43 1375 44 39 82 980 18 32 54 7481 17 7033 194 2486
82 0 1 2 16 2657 4 180 209 1466 3 21 36 308 124 71 514 6 342 20 175 3021 113 405 585 1221 7189 2693 1562 155 9584
83 0 1 2 137 3 30 501 4 7475 39 747 18 7315 702 6 2715 74 1695 45 5 291 17 206 3175 326 7 16 202 9 470 32 261 1671
84 0 1 46 15 367 643 1480 5 2 8153 3 1223 1707 18 75 17 8 60 43 9952 3218 2896 1034 54 21 7 2776 4 1642 627 268 515 140 1283 28 303
85 0 1 2 4 3 9 37 441 7 157 6 5 4625 19 8 2035 334 35 30 28 12 161 1390 22 34 220 976 1084 177 396 6234 2886 166 52 2500 58 1222 616 1112 65 318 253 176
86 3 2 0 1 43 387 4 105 496 35 2564 20 48 2552 16 56 24 1239 817 222 143 381 97 419 81 4752 57 1734 155
87 0 1 242 14 216 239 2 28 3 186 15 22 1009 1021 9 1804 17 25 5561 49 62 16 2622 8 8353 399 6 5 10 463 7 176 3097
88 1 6 0 172 4007 2246 61 13 2 4189 16 3 7245 419 617 76 559 2718 796 72 34 4 21 54 1177 367 12 30 144 19 112 655 1384 138
89 3 0 1 2 353 1475 6 45 142 113 128 173 97 281 4151 87 7 12 898 15 13 10 4486 244 30 382 7371 131 4962 7636 155 1495
90 0 1 6 2 13 3 4 5989 11 98 907 261 57 214 8 31 15 1782 182 37 651 154 49 34 669 88 6524 23 1086 110 131 2329 265 720 400 686 1263
91 0 1 2 6 5 269 3 570 1589 77 1038 4 1599 3056 7310 1426 244 8 263 8060 46 88 27 53 92 67 18 14 35 61 5295 3684 138
92 0 1 2 3 6 4 242 11 6466 30 417 102 37 551 3488 6052 8799 32 7859 456 93 88 92 780 22 735 31 48 5 869
93 0 1 2 5 3 6 57 8389 49 128 61 312 111 1027 15 21 4889 1793 2590 364 1273 17 144 54 2409 343 409 11 572 1417 4 470 36 632 410 139 977 797
94 0 1 2 3 11 6 13 21 5 436 301 55 77 183 78 4 44 23 4955 159 4124 39 7003 795 293 12 357 102 15 17 432 4285 8729 72 2136 224 554
95 0 4 1 2 33 93 4498 26 59 116 10 178 106 248 20 389 1312 356 686 38 6 3 17 11 13 202 160 261 57 2659 138
96 0 1 2 4 12 5 3 81 181 502 7187 7 50 6 33 39 824 66 22 113 332 154 2235 368 142 37 20 8 253 5603 2060 968
97 955 190 1199 5 3771 0 82 54 14 40 1 2653 8 6379 519 98 4 120 34 520 381 1817 998 5674 20 2 38 17 1494 69 30 983 7 9691 770 472 129 187 4266 355
98 2 6 341 26 3 434 1069 19 0 54 139 11 4 6932 2395 8 51 9 641 2859 1 17 134 1540 5208 5 39 75 1546 291 795 32 1697 784 36 78 82 193 797 869 3097 1958
99 0 2 3 8 1 1989 58 19 4 3008 722 258 6 3513 6424 186 10 370 964 175 92 809 16 12 20 7460 882 90 22 9 51 937 2301 1966 9542 303
