500
0 5515 6850 9481 263 6981 4141 2267 7179 4057 6501 4801 8994 3304 5599 5030 4249 3877 79 7699 2
1 6412 2805 9630 8200 2709 5101 3957 6721 3379 6501 8757 3053 3386 1496 8830 79 9545
2 1479 4098 9960 6628 1708 8932 2212 5060 8508 4882 2764 8260 6018 8032 2439 4326 4765 5322 4901 2555 8994 321
3 426 5254 5069 9168 1279 6905 3047 7008 4872 4078 667 5801 9464 6390 5064 5962 5715
4 7590 4259 3620 3153 4658 8630 8217 8419 4881 3626 9994 9503 1770 3970 6269 7511 6360 9244 2240
5 1026 9166 4546 1519 7800 9715 198 2951 4950 5321 551 4879 3111 9903
6 9477 6969 3434 9059 8064 1046 3654 1932 2910 7347 2340 9244
7 5023 7798 226 7454 4096 974 229 74 1907 3904 6615 5869 6258
8 9702 9542 4543 5468 7096 3941 9909 3788 4375 7634 7568 1299
9 6878 7472 8290 6638 6399 5089 2070 789 4722 8113 3496 1800 4400 8910 4326
10 6804 9459 1521 6410 2627 8324 9830 3738 60 8150 2128 8830
11 7562 1717 2848 6636 4001 3181 6207 313 5430 3354 6296 5848 7575 8830 8125 79
12 1646 4462 7760 1250 8810 6555 5350 7148 8989 1067 939 3654 2404 9374 6584 5848 9244 2240
13 2665 3002 6669 4990 1096 973 6426 7768 9076 3102 6672 5869 2240
14 3142 9663 6478 4553 8117 556 3575 5190 8430 5172 5465 4401 5848 8293 321
15 100 7433 1553 9442 9161 3779 469 7084 8772 604 8508 4878 4957 7240
16 3064 492 6943 1837 9890 1677 2588 3495 7616 686 496 8716 2
17 7090 4644 9624 9488 6928 7369 1786 7025 2361 9101 9760 5245 1531 7641 3894
18 5972 8316 2957 4195 326 3822 6704 4991 9586 2158 2643
19 2920 5465 2957 9977 2172 4220 5137 8065 6010 1917 5035 6413 7367 1383 7652
20 739 2751 9415 2863 3644 1259 3179 2138 2086 4912 569
21 781 7473 8258 5583 6587 9372 9385 603 4175 43 4063 8824 2463 3806 9320 6376 88 3894
22 2498 7853 8825 2852 4258 4432 1806 117 8050 4520 5198 2155 7762 321
23 2510 3761 5551 8936 2808 6459 7879 1217 5342 5990 9349 7949 2555 3877
24 3367 5250 7764 1895 3271 3453 5082 5995 7920 492 7023 3380 5662 6254 4647 8910 3376 8125 5715
25 413 3570 2838 4625 3227 8768 9062 6268 736 6984 6549 847 3728 427 2288
26 593 6108 5947 9760 627 3510 5687 3200 7314 8710 3012
27 2297 3257 4293 3785 6318 5813 6181 6991 6915 5451 8431 5715
28 5236 6110 7269 9546 207 7174 3622 4073 3114 7732 79
29 1497 1057 7432 4227 5912 4130 520 5998 3637 4509 477 3012
30 8219 8211 8111 8363 1957 9590 8897 4409 9000 989 4613 7742 7285
31 2796 5217 2719 8909 9235 8499 4324 7908 5825 329 4798 7259 8900 9968 935
32 3131 627 2306 4935 235 4703 4461 3991 1402 3020 2704 7120
33 5237 2718 5989 4991 8977 520 8274 6750 1181 5216 9262 3469 6670 1642 3757 1117 9301 4199
34 701 5747 9302 4562 6615 4866 8291 2337 8867 4294 5722 580 1775 7874 8193 3894
35 7651 999 2947 2996 4092 8989 6421 9562 2280 1599 9313 5857 6482 1774
36 5431 5960 9610 1140 8669 9131 7598 9402 9661 4662 8193
37 8860 3296 8349 7381 534 3828 6783 5513 454 4531
38 9235 7466 3862 3986 2037 4472 7535 4280 8601 428 3305 3820 6070 5917
39 6307 3430 5591 7844 203 9875 1968 5283 3588 7895 6029 3830
40 8831 8115 8181 6894 6056 1188 6907 9236 4961 2418 8392 5053
41 2571 4439 8214 239 5799 7695 6228 6079 9192 1636 7577 3141 6705 2288 321
42 9680 5494 7097 1190 1769 3387 2717 2078 9436 1340 6730 7979 6588 4679
43 4144 5864 4447 1693 6696 6190 2191 6145 8901 3575 1056 9709 4967 2962
44 6825 7172 8472 7097 689 7218 6366 9254 5055 2635 7126 2615
45 464 9434 1283 386 7859 5468 2736 3293 5082 3820 6130 7902 3877
46 7656 9704 6357 6866 4408 60 3983 6865 922 2983 7732 9007
47 4692 3131 3033 5365 1297 9558 8984 4505 9103 9960 2043 1256 321
48 4929 6553 1691 8275 4047 6850 4194 1203 5024 8858 8841 7429 6827
49 2438 8897 3518 372 6452 5006 9939 1177 3100 1188 9920 1346 7864 2240
50 8870 5566 1039 6777 4641 6935 1052 1408 2726 2391 5033 3184 7904 866 8354 4717 1900 6487 3981 6613
51 4733 9401 2665 5001 2408 474 825 8297 7884 6737 1780 7713 1343 5412
52 6208 7017 9620 9319 3791 8856 163 6299 4432 1593 1101 9013 1668 5715
53 4166 5842 9808 3711 9225 3173 5818 8353 1177 9015 541 6187 8134
54 4764 5615 5570 913 100 3503 5157 9181 5253 6367 9244
55 4099 4981 7559 3031 8038 7297 1866 2271 2876 9211 5748 2240
56 1959 1815 6287 7154 2749 5496 27 6455 1035 1394 6696 7221 2962
57 2217 2487 3177 7912 2808 7114 3403 6647 1311 9577 8589 5253 6021
58 5631 9099 8595 7272 2077 5177 4862 1789 8173 4999 4989 443 5097
59 6659 1818 8291 8963 9530 7376 473 722 3268 9374 8994 2
60 8112 3564 7324 7821 2840 7145 3777 6849 9310 4693 6953 3158 3936
61 9346 8955 6402 9897 1888 5786 9434 4651 7325 8836 6020 3376
62 9871 5143 5377 6713 2802 7340 2628 5127 6550 100 8167 3491 4728 2986
63 6755 7925 4141 7844 2008 5038 9379 7526 6849 6166 1382 8958 8062 6547
64 4468 1119 1451 1106 4618 119 7197 4628 1265 5531 8643 136 1904 2293 3354 9089 8690 4843 6778
65 8347 6691 7212 4815 6381 3200 2980 9122 8192 9746 5219 935
66 2691 4609 1412 4312 580 2829 1973 5542 7822 3509 7481
67 4542 4460 3174 2985 1748 4858 3898 1961 1067 5744 8405 7833 4222 5762
68 4750 6835 366 4145 7573 1403 8912 3921 773 1009 1246 2260 574 3032
69 2388 9954 2316 8820 2324 5259 1119 3464 7031 6819 9451 6537 2121
70 5697 832 4305 9229 1032 7471 9839 28 9628 3923 7895 6465 9244
71 5634 9786 1514 1743 6150 8216 636 1953 2335 5700 2698 9719 199 3012 2240
72 3879 7935 7211 566 6844 1143 597 2213 6940 3798 468 352 979
73 502 1885 2964 318 750 1044 324 1019 9686 842 9238 7442 4400 6827
74 651 5570 4421 2351 4653 4052 7549 1605 2711 9731 2962
75 120 3512 2859 2210 7838 4943 6288 6866 3110 6867 5397 6537 9007
76 6319 8750 242 6252 9278 4547 8156 4973 2792 8183 2114 6584
77 5955 8971 2434 5790 9894 8537 8001 2326 3013 6391 4035
78 2531 683 2585 7717 6364 2333 8244 1849 1881 2683 2074 8644 2
79 2137 5587 1574 4806 1283 2479 1020 1857 3511 3821 1401 300 4035
80 5499 7313 9450 2332 3999 6773 2472 9237 1685 6292 3012 9533
81 4576 462 7663 578 4902 2124 6209 8224 5606 7454 2121
82 5675 9637 9790 9011 4703 4155 1060 8010 8218 4086 2458 3249 2
83 7051 6975 8556 704 7638 2865 6183 1880 6076 9115 7123 3240
84 7363 9079 3909 3060 1191 6792 5244 4307 3582 7813 7283 6581 2799 6464 3377 9533
85 6709 1513 1726 2442 6540 1182 7141 3687 3812 9366 1613 7419 447 935
86 8667 4433 9751 7225 1345 4669 7002 8194 4627 330 4413 9725 1375 7880
87 3202 9971 8094 7215 7990 1421 8885 7659 1688 6417 271 718 9842
88 9038 6425 324 4405 1820 3378 9373 1722 4212 6899 9453 3936
89 7167 8176 38 3405 5939 1835 8106 634 7342 8973 6760 9014 3227 8090 2088 3296 6011 843
90 4841 4270 2071 123 6248 3058 8075 5409 151 2741 411 4701 8362 2608 4728 2962
91 6282 610 5939 4736 5012 4487 8004 2047 563 7471 2041 9545
92 4127 6152 2471 8421 3313 5929 3967 1234 1457 7964 1450 5607 9968
93 4416 6108 1279 5134 1982 6448 8752 6192 7608 9873 9233 3728
94 2495 6284 8394 3138 5184 2754 8313 1284 6662 9453 7652
95 9686 1010 3011 4100 8624 8655 2918 3457 2781 1218 3256 6955 5775
96 33 8380 9683 7724 403 1323 1116 2596 9745 8710 9273 4117 9837 420 8125
97 9343 3960 318 5210 8100 150 4285 348 7079 4176 5715
98 4829 2546 9151 8449 9457 9310 3774 1932 5955 8358 7787 5307
99 1158 4964 1218 3206 6078 4556 1155 1843 1059 6258 321
100 7915 5564 3098 2082 8950 77 7287 2041 7171 3195 5962
101 1021 2803 189 9657 5837 6109 1306 1847 7921 2696 5746 1353 5962
102 3475 3573 4237 6866 5744 9608 4764 4153 3215 3970 8062
103 8060 6211 3378 4468 6989 7828 8190 9126 4640 2333 3453 1852 3363 4679 2240
104 8013 6791 7597 2371 2947 5045 8052 7157 8172 5049 7961 6413 5788
105 9824 4251 7027 9285 6180 3694 5808 5943 2778 3982
106 5943 2324 8027 3817 4608 583 8103 4671 4731 6633 8143 4992 9607
107 7312 2214 1132 6366 1 2031 7074 8427 2157 3035 1176 1401 8227 9013
108 6941 6737 2329 6435 1497 8166 8034 8342 2756 4933 8958 5175
109 4568 2836 5116 6616 4548 3283 3821 9080 4663 4620 6786 7790 5748
110 5375 7338 2481 9793 2251 1515 6312 92 8936 3706 1209 8863 7036 2978 2345 1353 2
111 4209 2397 6217 2530 3882 2303 4976 7225 3454 8183
112 3459 1974 4856 8949 4650 2462 326 4884 1219 5313 3035 7975 8428 5401 9733 3074
113 4914 5876 1985 4475 7108 3833 4227 1026 4572 2838 4821 5113 3045 5902 6465 2555
114 252 3203 4192 197 2716 2239 5041 9775 7716 428 8341 9882 8131 4558 3427 2962
115 3374 8360 2002 9235 1937 7360 7251 3295 5249 4926 849 7023 1137 1383 2555 2240
116 1266 1519 6291 2674 9162 379 1853 4688 698 3534 8441 1358
117 4751 1664 634 8346 3500 6728 5249 2484 523 4965 8716 2962
118 602 1998 8294 3768 266 9067 2853 346 3006 2986
119 8000 8255 8587 165 3862 6757 3696 6759 8324 1850 1363 3877
120 250 402 4263 7032 4351 805 8195 8648 1495 3191 1922 6173 7167 2892 5715
121 5007 8771 7534 2631 9519 6277 3902 5996 6633 8794 7949
122 9496 7382 8921 9170 2130 191 7118 5026 2508 6060 5899
123 1794 6642 4335 461 4503 388 6694 4583 6843 8824 4173 1774
124 4225 9743 6263 531 1930 7293 2267 1304 1566 5132 1095 5323 7852 5715
125 7687 7352 3598 6814 1247 3818 5886 3015 5232 2954 8858 7979 5869
126 545 5938 9125 335 8565 9587 2421 4323 3386 8712 2158 650 1668
127 5303 4076 8168 3160 7460 3605 6574 5206 5664 8189 1622 4070 3964 2
128 9563 8753 5669 6125 4345 4374 7808 5253 7780 129 4072 6595 8183 79
129 4986 2367 7351 425 9358 5920 8158 4784 6619 2508 928 2161 8713 8775 2209 5412
130 9995 207 5241 3654 9193 4851 1394 4030 7157 6952 2066 9947 4639 1752 321
131 7741 1602 9732 4767 4320 792 9785 1473 1808 4169 5497 2146 4035
132 2918 7729 3215 9811 6640 6497 861 5703 7501 4759 6298 9218 8441 709 9224 8994
133 6784 9232 5897 6070 5055 3270 5444 5419 8020 1212 5269 6301 3013 4442 447 2240
134 3991 5602 3854 7089 3450 7455 5113 7030 9406 642 7456
135 3294 276 7636 9021 6636 3868 8456 9490 6513 4074 6292 2010 7314 7699 5715
136 9953 8665 8323 5757 6177 5717 8267 3796 2815 6161
137 7412 2233 8616 3848 3769 9028 7741 8304 8911 9723 707 3877
138 3671 9208 1640 8992 8796 1905 54 1503 8839 3895 6161
139 2581 497 4555 7638 7969 9492 1926 6659 6281 9461
140 5968 9610 3955 8253 137 1334 8860 7156 2709 7673 3103 7762
141 2515 8482 4789 8806 3286 2350 607 7761 5250 2634 1984 2962
142 2380 8822 2976 4778 6559 3130 4226 4275 132 4061 7780 7467 9337 1105 79
143 4482 8128 7731 2040 9732 3484 2062 1462 2369 847 7413
144 6708 4063 1801 9923 5965 1156 1292 2746 5534 4556 4259 9582 7395 3184 259
145 1142 2664 3676 6815 1514 2281 3593 2313 308 7834 6979 1498 5006 3877
146 7557 4566 3563 4630 2313 1477 6432 9541 4762 6150 6401 9465 412 7699
147 316 9087 1717 3090 9752 6069 5664 3080 6586 5247 2616 2518 6044
148 534 2001 290 2990 1243 8452 8385 7010 236 2627 5301 7888 2752 3163 8125
149 7496 2465 4459 5792 3098 4448 5230 3338 8693 6740 7839 5098 8451 3393 9720
150 2780 472 5147 8250 7505 8567 5960 7023 126 3113 8293
151 6649 933 147 2243 2937 9877 9232 5791 1408 151 1900 116 321
152 3696 3009 7873 3523 319 3067 8057 1304 18 4507 3379 9007 2
153 9438 4135 8984 9685 3018 8637 8720 6389 80 1154 6584
154 4982 9442 362 9866 4044 1845 446 9886 9813 1334 5080 1396 7219 5880
155 9788 7344 4552 8416 5241 5134 7986 7602 858 488 9446 722 4844 3158 321
156 8952 1095 1087 6217 426 7183 9783 8380 4144 1963 5901 6281 4314 321
157 4524 3589 5442 8351 3265 9923 5794 323 6648 2044 5409 9968 321
158 1228 2105 7354 8549 5323 9658 201 4161 9229 6321 8712 8233 1157 1429 3012 2962
159 3218 3725 7707 5666 4136 9597 4183 5845 155 7237 4045 2704 2962
160 4852 5549 4010 8500 7824 1475 2585 8837 2966 8880 4341
161 9585 2890 751 9785 5049 8075 5750 4324 315 3827 8491
162 5203 1946 8843 1558 7047 8148 5214 9200 6786 2828 699 896 5239 860 1647 3103 2240
163 63 7339 3653 2686 4546 3402 7132 8651 4438 2451 1154 2643
164 2111 8063 8061 2638 9691 5144 9005 8796 6294 9354 205 2962
165 2457 4706 9746 5955 4278 8350 7715 2712 6796 1780 6140 6920 8005
166 6109 1219 6694 6371 2646 7117 1382 9873 6999 945 1352 1081 3102 4985 6613 5715
167 2221 634 3580 9237 7645 8388 1814 3347 2088 5734 6635
168 8530 3492 6788 5495 7520 1018 7897 738 5451 7699
169 6313 7305 6674 6460 827 8889 7728 7449 5798 5023 7159 2043 583 7267 2962
170 624 9370 1171 4471 800 699 5133 2185 2210 3925 8146 7101
171 8785 5492 4251 8674 7549 9937 4273 8718 2398 1009 450 2555
172 3884 3416 3771 8514 9522 7939 3420 7170 5988 2950 4813 798 9465 79
173 2777 3605 2896 8180 8048 3271 20 8861 5863 3006 7153 79
174 4386 6527 2080 7890 7565 5202 5732 9791 3154 9976 5389 1791 6980 5880
175 4659 287 4520 7989 6009 8823 5737 459 6440 1371 4123 425 6790 2288 321
176 9956 849 1634 5986 6667 8864 4397 8342 9823 3273 9994 218 8910 4199
177 1950 3854 9066 4671 7382 9905 8914 8114 6942 6530 169 4314
178 2224 9389 7288 7130 4980 7237 106 9253 4093 5885 8227 5848 6613
179 9399 1116 5025 8335 5468 4963 9838 7496 9596 8545 6193 9623 2240
180 4954 2881 6662 2493 6971 668 9644 335 1505 5493 4356 1476
181 3182 4596 2583 879 5929 42 9380 9981 907 9487 1140 7610 5880
182 9723 8059 2208 150 6849 9136 7808 1604 9208 2651 1947 3507 1962 4069 3427 8125
183 334 8815 793 3280 9730 2221 4769 4881 2848 141
184 8194 1502 1094 83 4589 653 5534 5069 2280 4203 7077 3509 3541 6613
185 3673 8859 4072 4712 2270 5200 117 4162 8000 4659 4083 3869 8406 2962
186 2637 8240 6602 3874 2105 8148 7839 217 1457 9709 2109 3830 2962
187 4044 4441 2246 1166 1249 373 2233 3512 1766 3157 5219
188 5550 8596 2761 3791 9242 5221 5073 7598 1933 1900 7133 321
189 1935 7124 1240 8669 2960 9998 8429 4816 2616 7227 9562 8363 8451 8125
190 2204 1605 2856 8931 4894 4456 9896 381 1806 819 8837 9171 5005 5161 9965 84 6054
191 2435 6841 1402 5185 1257 1886 491 9225 6523 8842 1383
192 7711 7763 4646 7625 1894 4328 1556 4033 9083 3630 7579
193 8610 8970 9203 3399 763 2547 1434 92 2080 7868 7736 7153
194 9064 6118 1972 3393 2372 9269 7582 2581 8914 4745 7834 2005 7012 3982
195 6823 350 9529 5068 9438 5669 9769 6239 3004 2986 79
196 4130 7612 9081 6763 1810 9204 5571 4199 2240
197 3195 5242 8736 3743 4431 8834 9397 9045 6502 1705 3071 740 349 8438 1491 6567 1571 183 79
198 7945 9821 8684 9928 168 3482 7125 193 3406 6494 5478 8498 1299
199 9750 3834 9821 9711 9287 8454 4428 1265 2588 6203 8726 9604
200 4571 9418 2462 5169 5361 4255 2487 9577 2210 6358 8883 9007
201 6475 7472 7006 3041 738 1142 7972 8133 5871 6371 9342 8339 3905 7762 2240
202 7370 789 7369 5110 7856 8917 4915 5867 3926 5763 2109 9690 7469 2237 8344 6545 3936
203 4270 5071 8561 4973 547 2682 8805 8636 3609 8597 5638 439 5457 842 652 8994
204 3629 2569 1161 2321 4582 2477 646 2035 7157 1828 2732 7709 2555
205 1894 6042 360 8677 2584 4388 8314 8126 8349 7426 889 4399 1984
206 9613 7033 3207 8074 4256 5852 2079 6002 3466 4703 3372 4870 7919 1668
207 9811 9101 4117 5852 9106 8187 1340 8478 4408 4541 9285 3173 3665 7736
208 113 1617 1874 9802 791 1212 5924 5135 7522 963 9933 3144 8994
209 3922 9245 9066 7082 4039 9109 7535 2390 3993 7740 8153 2946 4063 8907 8470
210 1985 5863 6172 1160 7013 2228 4291 2073 1618 9788 1859 2407 2
211 2317 1298 8514 3480 3639 4145 756 9564 4335 5038 1774
212 6636 6509 9896 4572 6238 6959 7143 8022 2365 9507 1419 4953 7038 4567 7293 5645 412
213 639 926 5094 6979 6809 4926 8558 3122 314 7307 1675 3567 7153
214 3605 7107 7192 5555 439 36 8645 4517 112 9618 6666 3958 3371 935
215 2960 649 9332 6506 5983 7640 8762 2694 4013 5244 3718 269 3731 3376 79
216 9470 3170 9207 4275 7661 6769 7427 5705 3936 2
217 4275 8551 206 3534 7808 433 9710 7988 1213 7079 8686 5993 9265 1117
218 616 9568 5319 55 9141 9789 6333 4852 6869 1520 3609 7557 7791 6258 2962
219 9291 6158 5933 6286 3007 3642 2804 8606 8066 9883 6952 3543 2643
220 4653 8899 8260 9755 6876 820 2741 4223 4475 1933 8452 1364 6160 3837 6984 4584 1571 5412
221 1152 5049 2839 7058 7786 3132 6242 7414 3603 4679 4199 2240
222 4891 8667 8742 5213 2385 7649 2378 6150 2212 8345
223 463 6003 51 5734 7449 5692 2253 4277 8488 8399 1246 4300 1289
224 2365 7718 6357 6569 5252 5879 3132 2497 2491 1391 7266 321
225 7190 591 3924 5375 3671 7690 8152 7952 894 914 2412 9659 5322 6938
226 2455 8038 7854 2855 1069 775 733 7966 2936 5604 6067 9265
227 2048 445 5400 6740 1069 6800 5182 6224 3983 6139 6028 2904
228 8667 3299 1362 1983 6239 1181 8576 9830 6707 1512 2019 2962
229 4000 3661 4751 8659 7913 4322 6934 8362 7125 4011 9615 321
230 9126 124 2539 5895 2717 6609 1817 3949 8758 5011 1323 7456 7949 79
231 6617 6055 1722 5905 4278 8127 3070 3351 6740 2910 8644
232 629 3907 6959 2674 3551 5330 4178 1268 1344 2443 730 374 3074 321
233 3730 8646 620 312 1946 8864 4453 3483 9416 5704 7454 9086
234 3431 6969 193 9200 2287 2447 4333 3838 9425 1311 4431 7138 850 79
235 1549 9603 5181 9454 2006 4219 3433 1501 344 4974 6374 8431
236 9294 1315 1064 4880 5321 1926 9559 5739 8933 2609 2149 2661 7026 8387
237 3958 3591 4287 4920 5480 8065 442 1782 769 624 8116 2962
238 38 4592 7591 604 312 9318 4900 1459 5223 2183 2109 5307
239 2774 2494 150 6841 4977 7980 7674 1753 5680 815 6851 9003 6827
240 224 5524 8510 2824 6887 7927 3970 2301 4286
241 3689 972 1658 459 5996 1705 9493 5948 7268 1584 7600 4226 4238 7487 8176 2555 2962
242 5165 7168 6477 8963 2296 6907 4976 2928 8487 8994
243 4564 3315 3441 1729 4391 9449 415 3195 7673 3238 7357 496 4021 476
244 2062 2787 3479 6686 3614 655 8630 4412 1896 8834 6760 5543 321
245 4685 7965 9583 9345 5350 4746 2738 5988 5325 4398 527 8644 2
246 9961 8620 178 5206 403 404 9416 6405 1197 1700 5230 6822 9465 7240 1668
247 2177 383 5742 9088 6954 8077 5220 3351 3183 8037 824 30 369 4035
248 1844 6578 299 9386 5226 9728 9516 9209 4776 5609 5546 4679
249 3961 8627 5466 913 4897 6937 5222 8191 9492 600 3240 6827
250 3438 3069 1838 7037 7544 5276 5466 9447 442 6405 732
251 6864 888 635 7671 4464 8559 591 473 9409 2884 7568 2790 8994
252 6421 3688 7309 7745 947 3039 4782 786 3397 8608 4385 2986
253 4715 9210 2590 2000 2826 6479 2316 3025 4407 4556 4411 8325 8644 3074
254 2341 7747 5568 9429 724 3126 2914 5211 6293 1948 2897 7135 4317 9990 7240 321
255 4999 4187 9497 5487 4642 9158 3873 5565 5871 7023 9829 5762
256 6849 3570 2584 5555 2356 6366 2937 7034 790 1263 8210 3964
257 2960 331 8402 7684 8447 7462 578 6576 6661 9022 2954 3885 5715
258 7227 9867 6289 380 235 706 5770 819 5143 6358 3337 5824 4698 1145 321
259 4089 7390 6395 8254 8338 1673 1098 8359 8368 4863 2165 5677
260 2561 6991 446 9198 117 8438 7705 7340 2226 6406 8332 1611 427
261 4690 7132 1815 2285 8758 1520 4655 305 39 8893 3032
262 2985 1257 3574 1840 1394 9271 2992 8272 3730 3270 6069 1784
263 278 514 2658 4979 7152 7871 9723 5617 9359 8459 3405 7349 6424 935
264 9564 4980 3212 2386 391 8009 1606 2782 4409 4917 7029 2240
265 588 3066 8595 4695 2915 2204 8275 4224 9522 6755 4758 6468 4034 2240
266 6815 8237 389 5696 2042 8847 1392 6374 891 8700 6941 8251 6049 2
267 4194 8469 800 5068 3657 587 6259 8897 8782 7922 84
268 7262 6430 6322 4601 7339 5484 7449 3019 7221 1555 5193 427
269 1992 2605 1244 9597 4577 9157 9468 7106 7126 5129 9733 8386 7806 2666
270 5093 7870 6420 228 5382 2659 4644 2731 6889 569 9533 2962
271 1551 154 9235 579 4486 7679 2203 9271 6835 3147 2466 6465 9533
272 8736 6274 9689 5949 3992 7010 8865 9746 1086 2473 9208 4567 2483 7586 847 6101 4199
273 1131 8590 6754 2078 7396 9096 5485 5727 134 8433 9623 5862 2240
274 3703 9445 3916 6696 6439 5491 6257 721 7042 3634 589 6353 6549 447 79
275 2727 7808 6935 5498 8561 7602 8228 9192 7276 8606 3250 6842 3700 4326 7652
276 1951 2424 4529 2167 2992 8178 679 3124 2541 4035
277 3322 1277 2722 8547 1199 1937 3181 4687 473 379 9777 7202 9806 6458 2
278 4545 4505 8759 616 6489 5215 4940 6901 5702 3766 2172 457 5341 2
279 3413 5199 5094 6488 8255 4077 7516 5432 6644 7079 7664 4855
280 2695 4982 2275 1213 7841 6383 2462 7961 1351 8147 1060 34 7049 2662 5064
281 9542 5733 7870 7676 1838 5542 5439 5177 1164 2666
282 4576 7435 6821 2612 1528 4365 1351 5117 7020 1991 649 9808 7933 9609 7771 8883
283 472 9767 8942 7506 5119 3472 6166 5121 1336 1105 5715
284 8916 9785 9840 3859 4644 2298 9491 5935 3082 9638 7379 3586
285 7315 314 8546 7957 6290 7341 7375 8572 548 90 3936
286 2544 8216 4127 9491 2941 3525 6474 7566 5091 1740 3651 7165 2962
287 8218 2098 5439 9792 3613 42 1412 1245 2096 7396 2475 1105
288 8166 4329 8617 6531 3511 5600 6824 1713 5742 7099 4948 5322 2986
289 1880 9636 2099 762 3769 7330 3903 8466 6326 5233 8533 9040 3982
290 3613 479 1355 2522 1982 6279 3931 9717 2863 5948 2058 7240
291 1951 1698 6993 6594 7019 70 6429 877 8653 813 8491
292 9914 2958 2860 8392 8527 1423 4308 5463 4814 4380 5946 3700 683 1981
293 474 9959 8045 3296 7592 9405 4139 9176 9016 1248 3376 8125
294 9691 4449 9389 4941 7118 9400 7681 5187 2217 8597 2681 3074
295 9556 9037 4977 1786 7075 8108 8665 6722 1119 1875 6447 979
296 1109 8520 7803 9644 1229 1443 6462 1890 166 3190 7085 8830
297 7201 5891 2812 1572 4896 6051 6999 5364 9212 698 334 9376 1464 6332 9075 3074
298 8650 8691 8968 1026 7357 2949 3999 8535 7451 232 4264 2773 935
299 2243 5642 8194 1433 8281 5970 6111 9275 5437 935
300 1650 2460 3917 788 7654 844 6750 1743 8925 8230 4286 8125
301 5290 3235 3711 231 8628 6929 7552 8700 6074 8790 8570 8387
302 6845 9569 9034 3976 336 8675 8281 7052 3033 8508 2393 3089 5412
303 7034 9477 9528 9625 983 2072 6065 1718 8276 3248 7861 300 8491
304 9417 6891 6018 6278 6346 7826 5182 7522 3035 9284 3743 1272 5788 5715
305 2166 8557 3875 4969 5672 2717 3658 4051 7779 5596 5655 9852 3543
306 6930 3052 3449 8241 713 9997 3907 2254 5663 8536 7708 5457 3074
307 1694 8890 1978 6142 7750 9369 675 4589 9123 5431 1381 5437
308 2438 7654 4498 3670 4819 2951 4533 9790 8587 8970 1976 6187 7762
309 4367 8805 1147 6905 608 323 5647 999 4997 8785 3463 1210 2426 6549 9733 7782
310 7455 6235 9439 70 9141 3026 1905 2425 9228 2139 5251 8431
311 2053 6475 6669 1521 7428 3176 4565 3244 2289 6118 2810 9655 6454 745
312 7401 9114 7038 9888 4196 573 8148 373 1568 2840 3914 7732
313 9450 1746 672 4512 7149 4018 6568 3397 3416 9911 6949 1601 5715
314 898 6636 4309 4911 9944 4702 7058 8143 4333 2091 5642 6369 4855
315 1917 9587 6595 7603 4237 9557 2068 8561 6429 9085 8612 732 7883
316 66 4131 4825 2726 8850 3674 1947 203 4233 5715
317 9262 9549 2285 4158 5160 4950 9154 2823 7086 6362 9236 1216 6054
318 2201 3130 9036 8879 8917 9117 382 1179 304 7281 4442 896 7012 7949
319 9729 9036 1015 141 6480 1615 4545 8540 1686 7362 3845 9688 3074
320 7942 4892 3019 3733 7428 4589 2867 8639 3363 7172 8634 8519 2565 8423 3077 7438
321 8689 4279 3198 8368 3402 4445 2588 6460 2412 2182 4035
322 6043 5978 2152 8873 1436 8346 9263 493 6 5954 9993 5212 8800 9138 3894
323 5297 3330 519 5850 7854 8560 9429 1768 7508 9993 2900 8994
324 3029 4404 3639 8372 3946 4303 2942 888 5200 8809 1042 2962
325 3373 8011 4209 3624 7283 9471 573 6231 3012
326 4987 9390 6799 4068 168 2067 1497 3595 8226 5816 4134 7736 5962 2962
327 184 6260 8560 4172 1791 741 1205 7084 1479 7733 6774 3811 1675 133 4916 7426 4786 1979
328 8873 9125 1969 4980 446 3615 1017 8740 9186 1904 745
329 9506 5070 2046 5011 9475 5039 9478 2680 3097 1216
330 3243 8734 8873 7957 4293 6180 3975 3787 6379 3061 3612 7553 5248
331 9300 4224 5332 9234 2061 2032 6076 6951 6387 6089 7379 8140 3144
332 3351 1549 4919 3165 4545 2359 1039 5659 1712 729 3720 4314
333 9558 3815 2511 5619 2896 9807 4218 9583 7555 4727 6617 9580 4909 5962
334 3738 3315 579 3983 4885 722 529 1003 4737 2699
335 3415 620 7381 2969 6155 8283 6910 7552 9238 6453 8659 5880
336 1019 5287 6556 7813 6864 1323 4625 3979 4015 3925 744 874 7361 9139 5715
337 8113 5059 5878 5418 2485 8651 3926 3972 3147 2438 7667 9241 9248 7749 7652
338 2829 2153 8725 4769 100 3288 8697 6426 9968
339 2391 9189 9935 1432 729 6037 6723 3724 1204 8145 3077 9848
340 4381 659 4908 2639 4197 8592 5207 6580 5605 1243 6479 5946 1739 7883
341 6864 1004 4215 3618 822 9953 127 4418 9126 1757 9313 2589 1105
342 5154 6399 7383 4600 7207 7235 5888 8944 7173 1282 7696 3784 7429
343 3555 6873 5745 6874 805 3628 9511 5971 4402 9603 5735 1601 79
344 9422 4111 9925 7201 9912 2328 4050 138 6073 1414 3408 2704 4765
345 8627 2978 7621 9857 429 7770 6068 3777 2312 3950 3905
346 5732 4016 1369 6370 8781 5727 6560 631 3995 3447 7634 9032 5962
347 9877 6294 9763 3522 1421 1639 2692 4563 3679 5120 6198 4216 6305 6938
348 8171 2974 1592 470 1020 7155 6159 8631 9074 8524 3545 7179
349 5452 4956 7416 5085 2674 2086 4398 4702 123 5700 6817 6458 3982
350 4861 837 8276 2989 7876 5342 2824 9106 4921 3163
351 6299 9529 4553 9981 3929 7594 7024 7599 9822 1134 1668
352 2547 115 9504 5563 1303 4075 1598 5991 3096 5471 782 8043 1668
353 4136 1272 7385 9430 2510 8154 6583 4940 2485 4128 5542 9216 4855 2962
354 1492 5107 4540 3762 1404 551 5600 2559 9225 4026 3976 1869 7699
355 7209 253 7089 6825 1298 3461 1846 8323 3191 3287 2029 4222 7699
356 5391 4597 5787 1994 9331 4838 8161 3219 1263 7627 4836 7426 139 8125
357 8813 242 3829 4395 5681 8191 6943 3932 8172 9374 6101
358 2391 5032 493 1024 6200 6637 8554 6633 5393 3560 9713
359 3766 5912 2767 258 6185 7743 3421 6244 5710 4065 8006 8925 6134 4199
360 4380 2867 7102 2640 2750 8074 5998 1227 2160 788 5373 3436 4670 3174 6190 7049 2340 79
361 7799 1241 9860 3116 3719 5055 358 9780 6754 2401 232 3870 454 7193 2643
362 3984 7073 2081 8177 2228 1135 3980 5421 3646 4107
363 2841 107 3512 8743 5418 1559 2404 8744 7062 5628 8092 8069 2643
364 6456 9962 7289 5250 44 1331 8889 5629 4914 2547 9181 300
365 4105 2694 3712 1841 3501 5527 7543 6815 4360 4636 9565 5445 9533
366 1410 1443 8186 1862 2108 2356 7826 9792 4302 9265 5412
367 7717 6168 7900 2089 4110 9103 5117 3519 8898 1130 218 7438
368 5399 2879 8960 8278 9377 1906 8785 4145 4999 4797 7771 321
369 884 3816 8585 9371 3839 6225 6695 7695 5755 8952 2275 4594 7630 9139 79
370 906 1111 990 3647 7626 4485 9439 6304 8478 6269 3700 6327
371 1173 2570 598 4766 8898 2745 7430 3714 644 7403 7945 874 6938
372 3510 6091 9131 6346 2563 5705 6444 8868 7692 8848 9545
373 1600 9853 1182 2087 680 4800 3101 2367 7476 3642 443 7949
374 4482 8346 4208 4582 6456 9041 5957 1919 8200 6921 3286 2013 2240
375 2216 623 4697 6996 8737 1511 5081 2456 1323 3290 5254
376 3451 8888 4758 7985 940 9643 9357 537 4028 8410 7795 2240
377 4277 6722 6262 5169 8196 4615 5159 869 9375 5912 7960 5150 2155
378 5257 7463 4895 7627 4391 2207 7221 3296 5141 7091 6343 4168 254 6376 6250 3376 5715
379 1071 1701 7977 255 7784 5874 2800 423 96 8719 8663
380 4570 7486 4753 4226 9525 9457 3555 6638 2594 6838 8182 1979
381 5836 8292 1420 758 7410 8729 1881 4609 2357 1039 6251 6465 935
382 6255 3353 3350 773 7619 6948 2688 4497 7889 3074
383 8004 8902 6444 6571 2911 4447 4373 9830 3833 2554 1524 3894
384 4032 1337 1586 5951 1595 4836 1796 7347 9099 2976 1277 6599 6898 2182
385 297 6343 9408 2319 4854 230 5465 2632 1346 8951 6880 4571 3119 3111
386 9111 7556 3557 5949 2801 6265 9082 1030 8667 3144
387 3903 7340 7066 1556 4168 7656 5139 5355 4276 3296 3434 7088
388 4746 3782 7564 4771 495 3455 6256 1971 3287 1457 4881 6465 9842
389 1951 2938 4267 9165 2348 9437 7374 8086 5815 5445
390 2884 598 8801 4942 3406 2853 751 888 3024 3468 8431
391 8760 4840 9686 6159 6239 3697 9663 6249 6388 8218 6712 3982
392 4464 3212 2481 1610 5048 5516 5933 792 6968 4001 6902 4717 4828 5400 2990 9988 3303 1668
393 2865 944 9962 7530 445 8309 1727 3688 1794 3774 1248 1496 7762
394 6943 9838 6808 9093 2033 9913 3154 2571 6804 2156 3914 5821 427
395 4210 2125 3660 2071 357 2154 482 9157 8309 3347 8651 8227
396 4976 820 8556 579 7959 4795 4929 802 4505 4678 2103 8146 2707 4340 5869
397 4721 6951 9557 2015 6570 8736 3921 8959 9755 256 707 1348 2
398 8111 9184 7763 316 6056 3683 1941 6735 8132 7151 3394 1979 321
399 4149 6883 1326 506 9363 7563 7045 93 9171 1670
400 3531 1802 4564 500 8836 9338 693 3015 5492 3687 6623 770 105 2288
401 7800 5515 997 4121 7342 6157 6118 7035 5747 6542 7806 3982
402 5444 4761 351 2455 8962 190 7283 4699 8820 1248 5178 583 7762
403 2701 4246 4508 4534 2570 6653 8947 8451 9065 6929 3314 7951 813 2073 6920 9842
404 1484 8323 2162 1735 6859 1196 9051 6578 1742 7082 9281 4497 7610 7456 79
405 1678 4697 2083 1143 1114 1876 4890 5785 1098 5246 1116 6130 8609
406 7965 9320 2542 461 8594 5400 6211 7139 5687 6763 9983 5193 5821 5880
407 4248 9792 9939 9764 4153 4451 8553 8925 4244 8015 6404
408 9068 3934 6859 8918 9775 6379 6702 51 1878 8895 1178 7040 3190 4021 1134 5507
409 4206 4451 2325 893 5576 984 9601 4779 6294 6933 5397 7736
410 7836 5720 1517 414 7574 9746 4361 4872 1446 6677 1246 2052
411 225 7269 5744 4846 918 3780 4551 8186 6088 2480
412 172 6471 8607 2445 8788 1061 4822 9500 9535 7594 7167 3371
413 3591 4495 2366 3811 5688 5298 4291 6437 6856 307 3706 7899 9219 8193 7949
414 1378 4652 4736 1409 2396 413 5836 9936 8229 7191 1029 6357 3285 321
415 9779 6379 4984 7368 6194 3663 5047 1296 7187 7790 3932 7413
416 3402 5969 6684 4766 6598 3662 6943 580 4939 2169 8068 4214 2240
417 1202 5850 262 3046 9700 2213 1969 8143 9398 5957 395 6635 5748
418 3597 2251 6593 4862 1445 5969 1732 4773 1674 3173 9461
419 4536 8511 4869 4922 9039 582 6031 1722 8618 8797 3602
420 9707 5040 7017 1018 2406 9524 4319 6674 4917 5022 397 1375 7713 5962
421 5963 8166 8564 1233 2219 1952 3508 8597 1588 9481 1396 3830
422 3390 5522 2295 459 7566 1185 5337 3094 1508 3684 6727 3320 3869 3936
423 5055 5706 8678 5049 29 5545 1631 9294 2398 4971 5507
424 7157 4416 5621 114 5124 5669 486 8962 8558 3702 4356 5043 9968
425 7747 7862 3041 4472 8334 5754 2457 410 2244 5126 1256 6613
426 961 4434 8541 3562 548 598 1224 1032 913 1823 3043 9848 5715
427 1909 4721 8762 2419 4476 2742 6000 9639 9933 4985
428 73 9006 5909 2608 3422 6177 1515 661 6942 5380 9820 1865 1167 9025 5053 1774
429 2949 5774 815 5362 6939 9028 3415 7552 462 3797 3591 3432
430 7287 5811 6208 2534 8899 8753 4585 7057 5914 2907 2925 2608 2569 8491
431 7387 6083 2985 2356 8162 3545 3001 3005 5467 3918 7965 3410 8146 4624 79
432 8559 3692 5495 7621 9575 6055 8157 890 4580 9496 2003 9224 1774
433 8673 7427 4978 9411 770 7157 1264 5173 3924 8066 2424 5326 3982
434 6449 1263 494 113 9675 2821 4692 5744 2195 488 4830 7950 7902
435 7198 3626 4177 781 5986 7608 8554 2930 7542 2143 282 4670 9219 5307
436 6130 5033 5808 8297 5038 9802 7501 8128 9514 5853 6800 6203 3801 6616 4728
437 3579 7525 1487 4244 8551 6886 4971 8324 169 6309 5271 9300 476
438 1887 2343 6979 9841 7663 901 7250 7655 7016 3786 4723 6387
439 4725 2743 7212 1565 8175 9779 2619 3837 9227 8269 300 7949
440 8178 1245 8854 3876 4525 5795 2922 4752 7317 2929 5494 3394 5826 979
441 3992 5774 4381 6697 3059 2370 2031 7610 8455 34 8269
442 8609 9161 2667 5769 8076 8197 2787 7896 7178 3643 8106 1799 4367 4619 2288
443 7567 8727 1641 9174 3394 4 2973 6129 2310 5814 9972 5993
444 6323 9147 9995 7583 8581 7075 5415 8203 1829 8046 7453 8231 5762
445 8885 1720 1847 9788 6725 2026 568 7871 8887 9165 3088 4985
446 5501 7134 3136 5707 8665 7203 611 8595 5182 1101 8552 6153 7240
447 8101 7507 7449 2883 3598 7246 4994 6176 490 8935 6739 5193 6258
448 2941 3954 419 233 6471 2728 1367 19 2864 9993 5887 8910 5412
449 1406 73 439 667 990 5800 3564 4913 5444 6799 6583 5858 7525 3869 238
450 8319 5545 7526 7389 8989 6679 8824 7072 1148 9829 4820 2694 3364 188 8722 4352
451 6441 7134 520 5817 7461 5360 2282 2941 8951 8092
452 6151 3295 3993 846 5226 5634 1812 2570 3344 3812 6539 1238
453 4972 3473 4672 143 4781 3465 8684 4162 7627 6802 1537 9990 7699
454 5535 4018 4224 8097 7378 2061 2645 5660 9319 1264 5492 1557
455 8601 8472 534 4209 8459 1095 9784 2591 9135 1948 5179 1964 1741 6170 935
456 4242 7646 1870 1396 2423 8583 5693 6087 8550 6702 9977 2181 2968 105
457 7398 2835 2708 241 4767 3358 4907 7912 9827 8881 9470 3316
458 8323 1119 3535 7603 976 4044 7214 8114 1032 9688 2745 8775 9819 7413
459 5223 6506 9697 5157 1421 5438 9866 954 5058 9946 7566 1083 6748
460 5606 26 4735 3161 5764 7477 6247 1474 581 1962 4843 6778 9968
461 1211 1051 5720 3980 8086 3895 3605 5414 4857 9027 5412
462 6674 2885 8656 1778 1995 154 7116 9830 3565 2282 43 4531
463 5169 5844 7416 572 7566 8583 2709 8625 4010 4034 6049 5064
464 4330 5041 2235 2825 87 7451 5881 9525 2569 7949
465 6257 5793 515 6147 8745 8449 6480 4949 3759 9215 352
466 85 1321 7793 4769 8895 3156 4431 8540 5880
467 0 9698 6683 2063 9161 3399 7297 1041 5061 2292 2932 5326
468 6410 651 1057 7126 9188 2991 3993 5953 529 5552 1396 6351 6101
469 4896 4600 1903 7728 8545 7608 6108 3972 9338 3433 7883
470 8712 799 9365 616 480 5320 8231 4507 1689 6213 6790 690 1560 7517
471 5738 8721 7602 9728 1049 7156 7258 62 1797 750 1767 6044 7153
472 8862 3912 7095 5704 4233 893 7676 4618 4238 439 3349 8722 2643
473 6524 5621 4548 5740 6636 71 9491 1389 8852 630 7199 5206 287 7802 6637 7553 1367 4985 2986
474 817 9307 8129 8253 9859 5260 731 8050 637 2811 9130 550 5113 4027
475 6539 9316 9466 4808 1453 9112 9402 2683 2046 7178 834 7791 2555
476 3225 6932 5859 4295 6696 592 7587 9045 1901 9118 2741 4371 4787 7732
477 751 4724 2863 5352 961 5501 4961 5135 1064 5070 3576 108 1348 2327
478 5403 6968 1235 5265 8201 3368 3388 503 1614 2503 6305 3089 8812
479 7360 4586 3204 2996 1863 3629 6092 649 4003 3625 3839 9795 4423 8406
480 2825 3844 7993 3082 6433 6987 9817 330 2568 7
481 7059 8010 3599 2952 7689 7375 1813 6958 3434 6001 9013
482 5952 7627 4649 5306 3759 2804 4963 2622 225 1611 8193
483 3320 5751 4014 1978 3083 5608 4597 3669 8872 3068 5230 3827 1134
484 7841 6303 8283 9044 1047 5328 8115 9919 5459 1496 7762
485 2131 7638 8442 7687 4525 4098 8955 2497 5407 3463 3106 8644
486 1927 1453 7951 9972 3996 8695 8080 2564 9172 6308 1601 3936
487 8349 3095 4074 278 933 7157 9707 243 4065 3298 4444 1241 4416 8687 3144
488 2908 5092 7194 4331 6796 3614 7614 168 7204 1524 2288
489 6730 6099 5327 5913 8555 2373 6575 6103 8683 3929 5851 5440 3380 745
490 4931 8064 4309 2188 6544 8292 8159 3458 7076 5232 3135 7521 6467 1774
491 3519 2061 8985 2224 5394 7494 5842 7772 1740 882 3700 4679
492 5114 3548 6710 6523 7891 1394 9665 9370 3339 4308 1986 9848
493 9949 2500 8527 1635 2517 9780 7797 9249 1972 647 7413
494 2718 366 8059 6574 486 5632 5330 8781 4206 9558 7699
495 2042 5928 5284 10 8884 3364 2912 7442 103 5557 1904 2019 1058
496 5780 5924 3199 8399 8438 5765 3534 4640 9818 8455 2184 5053
497 194 1155 2347 1926 7988 1690 7137 2160 9874 8279 7710 1429 427
498 2678 5973 2390 8060 6648 8748 3383 8865 8452 8590 6940 5334 6909 1939 4610 1833 3371
499 6048 4435 3102 7035 947 6460 6506 6364 1632 8144 9459 9444 1668
