100
0 38 15 1 1904 2 0 20 5 3 35 107 267 2209 4 320 30 531 3892 521 127 56 6092 7431 144 3755 147 345 22 9 4738 34 2482 3489
1 0 32 176 602 1 30 3747 1436 214 6 1810 34 64 6258 2398 50 4 4286 28 272 7 18 806 2042 3 1912 9141 26 5 19 14 120 869
2 21 1 0 130 145 9 163 152 3 176 35 147 417 90 31 5062 68 6 17 14 28 2 81 27 1341 1687 129 1419 207 24 257 40 7 63 6672 155 1070 184 3244 1502 3975 2264
3 0 33 2 11 1323 27 647 97 832 1 4336 5 29 1624 235 96 31 481 433 1050 302 7372 1267 6 165 41 20 293 3097 554
4 295 428 50 1734 503 51 5 362 3 7752 9493 1 9 861 12 232 1862 117 0 43 122 397 4 249 38 3067 6 2292 2 58 267 1361 28 102 8 138 859 6744 3975 7055 1310
5 34 0 71 95 42 506 5186 14 16 1 10 203 90 4642 1265 7 4 1902 3958 179 8681 2 13 239 20 11 9 6 1792 549 3467 8 138 1310
6 7 84 36 112 1 3 12 2354 328 2709 196 0 29 95 6 2612 81 409 24 3419 26 46 6907 4 8 150 33 78 3210 2604 19 9 21 5415 468 2153
7 11 51 1822 0 58 15 2 12 1 4 5 7 298 30 28 3563 53 115 36 1401 3 1042 1116 3943 2645 725 2250 4255 319 2751 186 2967 2857 9 2274 1310 709 4371 7624 1290 2264
8 0 1 29 3 4 2 377 25 40 215 7267 145 4395 59 5 422 2908 7 6 22 55 64 1343 155 140 92 8 3826 117 144 58 41 5812 228 142 23 7218 1780 1290 867 3774
9 70 1 4 2 33 41 9 3 34 1772 0 14 202 32 23 8 35 29 59 21 6 8773 31 8395 435 15 215 7 27 74 432 526 850 148 155 1077
10 1 10 0 12 49 836 29 5 11 134 82 2 47 7 132 2329 744 114 34 327 461 2088 52 46 127 2417 38 59 43 22 3477 5276 6049 583 5926 1737
11 1011 1746 2 0 9770 281 230 244 32 17 142 9 579 1 18 206 4 48 113 456 7 401 2622 338 3 3002 304 13 1671
12 161 9 910 25 309 4 2 0 20 194 1 48 6531 46 3 187 33 308 128 5788 69 5810 7 14 9891 141 32 8 173 16 1791 1263 583 2371 1310 2153
13 79 21 6 1126 345 1 0 50 33 40 18 23 110 3 26 17 911 7 8904 14 98 101 12 30 1642 55 5 259 8687 429 95 8 3262 138 2264
14 8430 0 349 11 21 9 82 15 6979 345 4 143 710 25 334 20 923 1 68 8 5069 1450 214 53 6624 22 3 1628 31 186 1534 48 796 404 371 899 708
15 2 160 0 869 1 907 38 497 9255 5 11 3 27 4914 1693 297 276 201 1993 12 22 8 6 19 131 15 46 374 75 47 4 23 62 968 138 1263 3774 1290
16 1 0 3 8 61 78 275 2 578 14 4 195 9 10 340 6 344 51 1831 26 8162 2549 9360 8875 2083 21 306 13 170 3417 140 199 145 1452 7 4023 176 485
17 0 2211 33 1 959 8573 7 2104 289 64 4 13 8 1485 2 186 5633 242 46 201 3 87 29 219 41 52 6 83 145
18 3 1 20 9 5 7607 2 102 32 872 5901 34 330 1030 433 17 0 179 78 1490 158 47 7 12 80 5577 11 3127 29 5576 5876 496 2120
19 0 599 55 30 2 1302 11 7 1 14 222 4 293 3 190 44 28 26 466 2673 5 250 10 2207 12 33 104 72 405 8933 5878 138 583 3244
20 0 60 1936 61 1 11 673 2 35 4654 6969 23 26 15 63 234 117 28 2377 9347 3 7 56 295 1728 44 392 49 5 38 4259 4617 434 3505 4067 3198 1290
21 39 17 2476 1936 0 837 69 1 256 5 11 354 20 641 1251 151 4 225 6 54 75 785 45 7770 42 8 15 18 528 70 12 3016 1795 957 138 404 2848
22 1910 0 6 1 4 2 15 7 14 1588 5 8 187 34 13 357 3854 3 328 230 46 531 402 16 643 11 799 29 361 93 9 2818 138 2848
23 309 17 1 107 666 3903 1799 61 0 18 4211 474 100 57 3 6 71 46 2948 60 8 52 7 33 4 2 3177 9 5 1566 10 262 14 1714 121 139 5661
24 0 5 14 1 7 417 2 4331 36 168 528 1112 3 10 692 4452 128 4990 654 4687 57 309 970 11 851 3643 50 214 358 2236 104 19 3684 3756
25 7 0 46 18 857 466 43 1 6 54 45 9 530 141 206 76 3556 17 24 2699 36 2 1174 230 118 50 11 13 12 203 6115 8 69 252
26 0 1 2 4 891 5984 2267 7 2492 185 66 3 4238 477 3133 1035 1080 5 1852 472 30 67 604 109 34 399 1978 8164 1736 3706
27 0 868 24 2392 4 3397 23 60 3019 17 47 26 9334 1 27 1395 252 487 1611 3349 56 176 353 64 11 45 739 4739 159 21 31 593 1274 1687 2848
28 4 829 12 6149 61 26 1 7 0 502 3 20 89 4364 63 96 2 24 273 11 10 3148 4207 23 593 1538 178 17 267 396 1506 98 73 9289 14 121 2402
29 0 1 244 57 4 118 20 51 3 2 8 14 32 6 561 727 90 9 60 47 308 44 758 1545 361 5273 7 144 5 9019 19 272 7971 62 15 410 193 968
30 0 1 16 55 10 6 371 39 2 9459 124 2174 300 2941 28 3 20 2986 478 5 31 1599 750 24 461 491 323 1379 105 4779 8 9 102 2757 731 1173 138
31 4305 1287 77 5 7 0 144 439 1547 2649 84 356 69 42 1 12 408 48 4 2 7135 1662 490 1375 114 9574 66 23 65 24 7342 3 15 63 14 8094 5921 3097
32 1 14 0 12 23 146 4830 24 142 90 37 381 5124 4 650 695 31 4941 1217 2 166 3 173 2856 52 41 6 306 5681 36 1065 7 15 3807 968 3849
33 0 4 7 1 2388 262 20 2 16 3 457 9572 1962 415 3514 520 390 4204 53 9 12 109 311 2290 769 11 5434 1216 60 307 22 316 8225 126 138 7585
34 2147 1210 100 13 128 9 2081 14 7 410 5 2 3 1 2564 11 21 4 5862 2227 5089 1002 0 327 3735 17 140 67 551 2707 47 24 1971 6 8 4817 3097
35 0 2 89 350 254 425 310 111 3011 1 31 1122 198 80 94 26 55 35 503 5 7 106 16 84 4472 3 605 85 351 20 17 148 58 3923 138
36 0 2 4 1 3 230 9 83 10 137 13 1108 6 22 12 21 1608 99 8 16 158 324 1365 5180 883 89 177 432 37 434 747 17 7 4090 6611 4171 554
37 5882 0 120 4307 1 154 1650 635 5 4 10 26 3 81 34 23 30 328 6 2092 2 140 423 8 127 9 96 8182 2014 1457 7 138
38 0 2 5 11 1325 5422 6656 1 26 1314 16 31 430 9 21 1131 139 93 70 232 949 438 32 150 101 5329 346 7 5368 8 38 40 106 6 58 166 2717 27 355 155
39 5 1774 1573 42 148 7 0 474 84 356 9878 307 8 23 4 722 1 3 31 1839 1086 136 2 53 5540 113 79 49 1101 3493 27 120 554 5381 1671 5921
40 1 0 3607 130 2 2720 4 12 361 5633 26 1503 274 3 6 73 7396 234 4103 13 10 35 147 270 62 9 876 16 1632 357 83 5514 2818 1502
41 4 1 0 15 25 131 2 3 16 1723 119 7220 11 3229 23 7 226 84 10 9 1932 110 5 137 251 1516 18 99 179 19 28 7653 412 62 8 554
42 82 668 65 0 97 565 15 1 36 18 4 100 76 40 472 19 1076 4336 5443 3 112 6261 1626 279 631 200 28 5077 8906 190 30 8635 943 118 387 8 7347 1495 138
43 0 4 1 324 2 79 14 5 184 112 2240 241 803 17 11 4634 878 38 133 16 982 29 856 96 3 574 6 2205 2480 46 20 84 179 54 65 147 69 485 4247
44 0 1 4 2 307 127 270 56 214 212 42 13 25 3673 6 171 43 78 8611 2869 4276 9 7 75 12 4378 84 3350 7648 73 14 120 138 708
45 0 14 9 1 35 75 8 2 5 7 6 9442 311 1927 1217 4 3 11 34 16 10 6718 7256 67 4340 25 1139 38 12 39 432 27 485 138
46 0 204 2 4 424 19 88 3 1 47 64 1679 2411 459 939 84 8718 21 289 4167 16 238 3056 644 166 11 2126 2912 2527 7021 1994 31 454 63 8 907 27 2591 1502
47 0 1 2 46 29 91 1855 3 4 225 8 175 44 33 883 32 7 398 5 4793 4900 42 53 12 123 6 36 8150 19 6393 482 1981
48 0 734 81 21 1 3011 200 1553 1140 499 5 9 14 20 38 7384 3 23 9861 51 2 8057 2241 63 661 10 182 7674 1901 22 1234 866 727 751 968
49 1 5 0 22 4 1003 109 426 51 744 2 12 44 73 1358 8271 16 512 18 9 394 3 27 1119 1800 1314 8 5241 41 60 26 3130 102 720 3853 977
50 4 0 5 3 37 20 1 84 5268 3796 1400 59 54 9724 513 937 2 58 289 157 42 28 8 455 6607 13 52 6 3869 3384 352 148 44 9 315 7 646 55 63 424 919 485 3244 4178 968 1737
51 81 26 0 1427 5095 113 811 3 4 35 102 5 6 1224 1 453 2 149 22 245 109 14 1242 146 5060 72 1159 304 2340 31 198 8 1599 611 157 4433 82 2826 725 138
52 0 1 4 2 3 11 29 5 25 262 8851 26 19 1469 7278 93 354 541 3366 344 13 368 2082 2704 82 37 418 24 27 8 3849
53 0 1 2 420 20 41 54 38 252 60 440 254 84 17 92 869 15 5 425 11 48 460 61 463 150 57 3794 475 187 137 4 3 8660 117 7 395 8 4977
54 0 12 1 4 2230 2531 420 1059 139 116 2 10 150 59 72 9 22 8 42 185 2666 24 2392 5506 512 6734 48 18 8834 7 404 2700
55 1 294 121 794 3387 4 16 0 17 2092 48 1053 2692 5 77 5609 143 2257 7 15 2 2112 3 51 40 9 186 56 1622 6 2313 138 583 2486 1502 1737
56 1 0 4 6 5 2 36 12 186 22 3 87 30 14 29 13 8 25 9539 46 505 6544 9154 59 101 72 16 325 9915 252 867
57 0 1 4 2 3 12 5440 6629 9705 28 10 11 446 1778 5 9 7 4791 165 59 398 579 195 310 2251 1865 60 41 73 8 139 2955 355
58 30 1 5892 916 4 0 129 1033 3 46 7123 997 186 2 4295 80 97 8217 5 15 438 206 55 174 6 819 644 99 4023
59 1 0 2 5 1655 104 10 12 1882 13 218 15 7 3 159 494 3176 4184 1118 4 6734 2027 2396 71 57 4936 550 3908 8 253 873
60 0 1 7 3 4 5 9275 736 376 2 1553 3200 6 34 835 23 65 19 742 4020 80 5817 74 156 10 1170 4112 25 33 121 166 2169 8 6304 6729
61 0 32 1 669 4 904 7 19 1989 28 7474 12 5 1021 2705 33 530 15 6 939 16 3 2 40 159 203 18 3768 22 3626 11 117 5451 14 62 155 1737
62 0 2 6 661 23 5 7714 7 4 2363 4225 772 559 710 1 3 470 8320 9 3429 8 545 194 164 13 133 38 679 166 432 20 3346 22 72 1123 108 7727 69 155 1958
63 812 111 45 5 0 583 1890 2 18 221 581 191 4 26 220 1 50 198 84 148 9990 2173 2209 3759 1395 12 3 21 1236 75 8397 200 23 155 1263
64 1 0 2 4 32 12 84 68 6 5 20 491 15 17 8 13 691 10 163 1855 147 61 3209 1726 358 33 279 35 83 653 549 5526 1671
65 0 1 11 4 2 14 24 29 5 6 1981 169 3 316 5155 77 2136 13 80 7 9434 1851 667 463 7872 10 40 1883 1491 1168 213 9 948
66 0 2 5 4 2271 61 318 13 1 3 111 327 48 428 144 21 401 833 2988 8 9 16 98 272 753 1652 124 35 7 51 69 1671
67 5 0 1 36 7 56 21 4 1707 2 669 27 638 774 300 13 756 1746 871 2038 3041 29 65 10 14 2607 17 39 35 58 1098 4232 769 52 40 8 9933
68 0 1 3 12 22 2 495 259 4 705 8 7 26 18 6491 5817 842 1624 756 1217 25 44 13 6 405 1127 46 206 117 14 2313 148
69 1 0 2 9 34 3 739 6 8 4 162 11 26 169 682 224 24 49 6452 3813 304 1928 7771 419 137 1661 191 5 415 58 73 309 4342 155
70 0 1 4 3 2 7 773 901 12 1346 553 200 95 2862 626 5 3875 1990 169 2291 15 1703 6351 7909 8 137 2399 109 4070 19 155 138 3097
71 0 2 1 49 854 12 3 34 4557 11 9763 5 3446 10 1239 366 9132 5020 489 2726 425 567 571 3741 1099 624 176 3097
72 0 4 1 222 2 6 508 630 5 8 5759 362 17 3 1618 1032 13 33 220 107 1024 5492 5760 1256 29 1621 10 3591 9 7 72 6656 236 1958
73 0 1 3 2 4 6 15 1414 1008 30 658 40 82 674 47 17 92 272 444 24 32 12 83 2187 417 173 5 2643 5658 911 395 9 8 303 2060
74 0 3 2 4 1 12 196 8087 2631 703 223 4544 21 6 81 18 38 83 242 5 1084 4421 5874 1893 5861 65 89 45 2028 194 2666 3455 725 468
75 0 1 5 2 6 4 13 3 11 7 313 130 170 282 7995 961 514 562 23 84 10 22 190 62 8164 664 2132 67 234 15 90 8933 1604 8 155
76 36 4020 1 6 17 1055 4 52 0 2844 26 304 16 22 767 7 35 24 311 101 2 2048 45 455 9 4097 4791 226 86 238 5494 18 7559 2060
77 0 1 2 3 18 245 188 20 161 4 6 27 58 1140 37 249 40 105 447 9 1087 287 68 2629 50 22 2378 5797 207 3981 14 12 5 155 725 4347 1888
78 0 5 1 4 2 6 34 25 3 17 5586 9642 9 87 441 345 41 1840 15 40 46 48 20 65 3977 1590 44 55 875 62 53 61 987 439 1506 176
79 0 323 13 5883 58 54 2 2182 162 6 322 1 25 17 11 77 866 545 20 689 75 4 85 5 3 256 73 92 4420 4618 9 8
80 0 1 2 4 97 3 16 44 12 392 5297 2221 177 17 1197 24 271 10 2365 7873 805 11 2375 183 82 112 182 6 8 57 184 3244
81 0 2 1 6 220 44 5 13 7 14 3 300 6912 318 20 12 4 18 51 652 194 26 3427 32 239 366 1506 30 2576 7234 120 9584
82 0 1 3 4 2 7310 241 30 16 501 276 230 9 133 23 26 3856 56 2477 25 11 21 533 4967 310 508 1273 9342 373 5 126 404
83 0 1 2 4 89 3 70 6 2913 24 12 22 3519 39 1897 5965 216 195 48 29 7 115 474 11 257 666 5 198 8 859
84 0 5 1 163 2451 519 7 4 145 2 8 2002 3 92 53 6 940 9356 513 45 10 112 49 132 2420 24 1235 139 85 338 82 20 44 50 119 5725 160 107 9 4347 708
85 0 1 4 3 2 242 5 1391 6658 9 68 22 1604 2660 1529 13 163 8424 719 130 35 19 223 2831 79 212 355 40 5998 7 58 301 135 252
86 0 2 5 1 5700 809 195 131 925 27 6149 271 3563 68 13 409 6 17 1983 3 81 198 545 6847 23 236 36 227 102 472 230 232 16 308 487 1334 708
87 0 1 3 104 568 8065 4 20 2 215 1973 1622 7 9 1287 34 26 15 651 4589 180 115 518 82 108 442 18 552 6 1660 761 4682 8 1583 909
88 0 1 26 31 7085 2246 171 10 1112 2 13 3 6 158 290 5 2739 20 6266 382 25 606 12 4 527 90 1808 68 119 120 196 61 29 9 879 2871 27 176
89 0 1 2 4 3 5 7 13 6310 12 6 353 53 1358 17 24 40 230 130 64 1033 3529 4034 63 1341 6450 221 3655 9 6138 725
90 0 1 2 115 25 98 2541 7515 3 561 7594 32 48 9749 6 10 2849 27 347 1869 1527 7 340 5 8947 342 119 30 61 756 8038 55 944 2196 1321 4364 2823 900
91 0 2 1 6795 327 91 5 12 25 11 60 272 183 7 35 1646 223 5146 6 19 44 843 4 1300 54 2072 74 3 5163 3365 1298 15 1691 198 859 138
92 0 1 2 20 7 4 3 15 5 108 48 8 38 4135 415 167 22 2202 191 601 10 715 18 1123 345 8165 11 796 64 62 9 138
93 0 1 2 3 4 106 399 9147 16 266 21 626 11 7414 55 74 59 111 8389 8688 48 4045 38 32 7 172 2568 1797 8 17 353 681 69 5526 138 2591
94 0 2 1 5 4 3 22 640 1744 7 453 6 7519 67 6502 37 692 13 239 2763 48 33 748 10 29 2636 2968 436 158 63 1930 900
95 4 0 10 18 231 84 2 49 2444 8952 85 898 1 558 3 23 7 92 44 902 9 161 272 1133 722 532 99 487 183 56 576 625 8 126 554
96 0 1 2 40 52 3 2525 93 630 5 777 962 171 159 1442 64 2087 33 826 24 6334 99 345 4 1316 6 11 2947 120
97 0 9 100 916 324 3 14 1 395 3492 4 8655 630 57 2070 4690 2 21 3376 6361 5 602 46 6 15 51 44 6621 84 47 820 212 30 62
98 0 10 44 2 6 1 19 5074 2665 23 236 4157 8 668 14 35 7347 490 3562 3 16 219 15 86 4 11 7173 73 4074 98 298 2859 2490 201 3917 4018 3631 329 27 1958
99 0 1 33 67 56 13 5125 39 8124 4 58 2 2629 3614 391 3 224 15 3697 16 84 1271 2726 8599 3582 114 4397 6 5 1655 1731 14 238 6604 2153
